2024-09-18 22:52:55,596 - INFO - Stategy_Fibo copy.py - 392 - Starting value: 35536.6
2024-09-18 22:52:55,596 - INFO - Stategy_Fibo copy.py - 393 - Target amount: 36000
2024-09-18 22:52:55,596 - INFO - Stategy_Fibo copy.py - 394 - Betted On,CurrentValue,TargetAmt,Losscount,Wincount
2024-09-18 22:53:17,217 - INFO - Stategy_Fibo copy.py - 285 - B,35536.6,36000,0,0
2024-09-18 22:53:20,588 - INFO - Stategy_Fibo copy.py - 748 - Checking Bet history []
2024-09-18 22:54:01,700 - INFO - Stategy_Fibo copy.py - 285 - B,35584.1,36000,0,1
2024-09-18 22:54:05,075 - INFO - Stategy_Fibo copy.py - 748 - Checking Bet history ['B']
2024-09-18 22:54:51,627 - INFO - Stategy_Fibo copy.py - 271 - A,35631.6,36000,0,2
2024-09-18 22:54:54,997 - INFO - Stategy_Fibo copy.py - 748 - Checking Bet history ['B', 'B']
2024-09-18 22:55:33,975 - INFO - Stategy_Fibo copy.py - 271 - A,35581.6,36000,1,0
2024-09-18 22:55:37,356 - INFO - Stategy_Fibo copy.py - 748 - Checking Bet history ['B', 'B', 'B']
2024-09-18 22:57:17,074 - INFO - Stategy_Fibo copy.py - 285 - B,35481.6,36000,2,0
2024-09-18 22:57:20,445 - INFO - Stategy_Fibo copy.py - 748 - Checking Bet history ['B', 'B', 'B', 'B']
2024-09-18 22:57:57,863 - INFO - Stategy_Fibo copy.py - 285 - B,35481.6,36000,0,1
2024-09-18 22:58:01,237 - INFO - Stategy_Fibo copy.py - 748 - Checking Bet history ['B', 'B', 'B', 'B']
2024-09-18 22:58:42,251 - INFO - Stategy_Fibo copy.py - 285 - B,35624.1,36000,0,2
2024-09-18 22:58:45,625 - INFO - Stategy_Fibo copy.py - 748 - Checking Bet history ['B', 'B', 'B', 'B']
2024-09-18 22:59:26,607 - INFO - Stategy_Fibo copy.py - 285 - B,35574.1,36000,0,3
2024-09-18 22:59:29,982 - INFO - Stategy_Fibo copy.py - 748 - Checking Bet history ['B', 'B', 'B', 'B']
2024-09-18 23:00:01,221 - INFO - Stategy_Fibo copy.py - 426 - new target check  length: 4
2024-09-18 23:01:59,520 - INFO - Stategy_Fibo copy.py - 285 - B,35719.1,36000,0,0
2024-09-18 23:02:02,919 - INFO - Stategy_Fibo copy.py - 748 - Checking Bet history []
