2024-09-24 16:31:25,452 - INFO - new.py - 406 - Starting value: 8136.3
2024-09-24 16:31:25,452 - INFO - new.py - 407 - Target amount: 15000
2024-09-24 16:31:25,452 - INFO - new.py - 408 - Betted On,CurrentValue,TargetAmt,Losscount,Wincount
2024-09-24 16:31:40,306 - INFO - new.py - 707 - Checking Bet history []
2024-09-24 16:32:38,891 - INFO - new.py - 285 - A,8136.3,15000,0,0
2024-09-24 16:32:42,265 - INFO - new.py - 707 - Checking Bet history ['B']
2024-09-24 16:35:36,899 - INFO - new.py - 707 - Checking Bet history []
2024-09-24 16:36:32,588 - INFO - new.py - 285 - A,8231.3,15000,0,0
2024-09-24 16:36:36,010 - INFO - new.py - 707 - Checking Bet history ['B']
2024-09-24 16:39:28,680 - INFO - new.py - 707 - Checking Bet history []
2024-09-24 16:40:19,948 - INFO - new.py - 707 - Checking Bet history ['A']
2024-09-24 16:41:05,041 - INFO - new.py - 707 - Checking Bet history ['A']
2024-09-24 16:41:52,474 - INFO - new.py - 707 - Checking Bet history ['A']
2024-09-24 16:43:27,173 - INFO - new.py - 707 - Checking Bet history ['A', 'B']
2024-09-24 16:44:10,989 - INFO - new.py - 707 - Checking Bet history ['A']
2024-09-24 16:44:58,442 - INFO - new.py - 707 - Checking Bet history ['A']
2024-09-24 16:45:48,495 - INFO - new.py - 707 - Checking Bet history ['A']
2024-09-24 16:47:23,191 - INFO - new.py - 707 - Checking Bet history ['A', 'B']
2024-09-24 16:48:26,876 - INFO - new.py - 285 - A,8326.3,15000,0,0
2024-09-24 16:48:30,268 - INFO - new.py - 707 - Checking Bet history ['B']
2024-09-24 16:49:10,331 - INFO - new.py - 299 - B,8326.3,15000,1,0
2024-09-24 16:49:13,759 - INFO - new.py - 707 - Checking Bet history ['B', 'B']
2024-09-24 16:51:37,997 - INFO - new.py - 707 - Checking Bet history []
2024-09-24 16:52:36,154 - INFO - new.py - 285 - A,8416.3,15000,0,0
2024-09-24 16:52:39,590 - INFO - new.py - 707 - Checking Bet history ['B']
2024-09-24 16:55:50,771 - INFO - new.py - 707 - Checking Bet history []
2024-09-24 16:56:44,579 - INFO - new.py - 707 - Checking Bet history ['A']
2024-09-24 16:57:32,142 - INFO - new.py - 707 - Checking Bet history ['A']
2024-09-24 16:58:22,356 - INFO - new.py - 707 - Checking Bet history ['A']
2024-09-24 17:00:07,220 - INFO - new.py - 707 - Checking Bet history ['A', 'B']
2024-09-24 17:00:57,839 - INFO - new.py - 285 - A,8511.3,15000,0,0
2024-09-24 17:01:01,268 - INFO - new.py - 707 - Checking Bet history ['B']
2024-09-24 17:01:49,233 - INFO - new.py - 299 - B,8411.3,15000,1,0
2024-09-24 17:01:52,652 - INFO - new.py - 707 - Checking Bet history ['B', 'B']
2024-09-24 17:04:11,229 - INFO - new.py - 707 - Checking Bet history []
2024-09-24 17:05:09,236 - INFO - new.py - 285 - A,8601.3,15000,0,0
2024-09-24 17:05:12,664 - INFO - new.py - 707 - Checking Bet history ['B']
2024-09-24 17:05:58,517 - INFO - new.py - 299 - B,8501.3,15000,1,0
2024-09-24 17:06:01,956 - INFO - new.py - 707 - Checking Bet history ['B', 'B']
2024-09-24 17:08:25,061 - INFO - new.py - 707 - Checking Bet history []
2024-09-24 17:09:26,252 - INFO - new.py - 285 - A,8691.3,15000,0,0
2024-09-24 17:09:29,700 - INFO - new.py - 707 - Checking Bet history ['B']
2024-09-24 17:12:46,840 - INFO - new.py - 707 - Checking Bet history []
2024-09-24 17:13:44,860 - INFO - new.py - 285 - A,8786.3,15000,0,0
2024-09-24 17:13:48,283 - INFO - new.py - 707 - Checking Bet history ['B']
2024-09-24 17:16:58,757 - INFO - new.py - 707 - Checking Bet history []
2024-09-24 17:17:52,510 - INFO - new.py - 707 - Checking Bet history ['A']
2024-09-24 17:18:42,552 - INFO - new.py - 707 - Checking Bet history ['A']
2024-09-24 17:19:30,147 - INFO - new.py - 707 - Checking Bet history ['A']
2024-09-24 17:21:15,089 - INFO - new.py - 707 - Checking Bet history ['A', 'B']
2024-09-24 17:22:09,377 - INFO - new.py - 285 - A,8881.3,15000,0,0
2024-09-24 17:22:12,796 - INFO - new.py - 707 - Checking Bet history ['B']
2024-09-24 17:25:25,622 - INFO - new.py - 707 - Checking Bet history []
2024-09-24 17:26:27,838 - INFO - new.py - 285 - A,8976.3,15000,0,0
2024-09-24 17:26:31,268 - INFO - new.py - 707 - Checking Bet history ['B']
2024-09-24 17:27:13,558 - INFO - new.py - 299 - B,8876.3,15000,1,0
2024-09-24 17:27:16,934 - INFO - new.py - 707 - Checking Bet history ['B', 'B']
2024-09-24 17:28:01,531 - INFO - new.py - 285 - A,8676.3,15000,2,0
2024-09-24 17:28:04,904 - INFO - new.py - 707 - Checking Bet history ['B', 'B', 'A']
2024-09-24 17:29:44,081 - INFO - new.py - 707 - Checking Bet history ['B', 'A', 'A', 'A']
2024-09-24 17:30:34,959 - INFO - new.py - 707 - Checking Bet history ['A']
2024-09-24 17:31:19,659 - INFO - new.py - 707 - Checking Bet history ['A']
2024-09-24 17:32:06,767 - INFO - new.py - 707 - Checking Bet history ['A']
2024-09-24 17:33:40,843 - INFO - new.py - 707 - Checking Bet history ['A', 'B']
2024-09-24 17:34:29,318 - INFO - new.py - 285 - A,8961.3,15000,0,1
2024-09-24 17:34:32,690 - INFO - new.py - 707 - Checking Bet history ['B']
2024-09-24 17:37:22,665 - INFO - new.py - 707 - Checking Bet history []
2024-09-24 17:38:11,625 - INFO - new.py - 707 - Checking Bet history ['A']
2024-09-24 17:38:56,777 - INFO - new.py - 707 - Checking Bet history ['A']
2024-09-24 17:39:41,668 - INFO - new.py - 707 - Checking Bet history ['A']
2024-09-24 17:41:16,419 - INFO - new.py - 707 - Checking Bet history ['A', 'B']
2024-09-24 17:42:05,977 - INFO - new.py - 285 - A,9056.3,15000,0,0
2024-09-24 17:42:09,426 - INFO - new.py - 707 - Checking Bet history ['B']
2024-09-24 17:42:45,871 - INFO - new.py - 299 - B,9056.3,15000,1,0
2024-09-24 17:42:49,264 - INFO - new.py - 707 - Checking Bet history ['B', 'B']
2024-09-24 17:43:34,986 - INFO - new.py - 285 - A,8756.3,15000,2,0
2024-09-24 17:43:38,435 - INFO - new.py - 707 - Checking Bet history ['B', 'B', 'A']
2024-09-24 17:45:03,150 - INFO - new.py - 707 - Checking Bet history ['B', 'A', 'A', 'B']
2024-09-24 17:45:46,992 - INFO - new.py - 707 - Checking Bet history ['A']
2024-09-24 17:46:31,895 - INFO - new.py - 707 - Checking Bet history ['A']
2024-09-24 17:47:16,939 - INFO - new.py - 707 - Checking Bet history ['A']
2024-09-24 17:48:56,758 - INFO - new.py - 707 - Checking Bet history ['A', 'B']
2024-09-24 17:49:45,442 - INFO - new.py - 285 - A,9041.3,15000,0,1
2024-09-24 17:49:48,867 - INFO - new.py - 707 - Checking Bet history ['B']
2024-09-24 17:52:54,865 - INFO - new.py - 707 - Checking Bet history []
2024-09-24 17:53:43,572 - INFO - new.py - 707 - Checking Bet history ['A']
2024-09-24 17:54:31,075 - INFO - new.py - 707 - Checking Bet history ['A']
2024-09-24 17:55:18,531 - INFO - new.py - 707 - Checking Bet history ['A']
2024-09-24 17:56:58,428 - INFO - new.py - 707 - Checking Bet history ['A', 'B']
2024-09-24 17:57:44,728 - INFO - new.py - 707 - Checking Bet history ['A']
2024-09-24 17:58:29,574 - INFO - new.py - 707 - Checking Bet history ['A']
2024-09-24 17:59:14,599 - INFO - new.py - 707 - Checking Bet history ['A']
2024-09-24 18:00:51,994 - INFO - new.py - 707 - Checking Bet history ['A', 'B']
2024-09-24 18:01:35,772 - INFO - new.py - 707 - Checking Bet history ['A']
2024-09-24 18:02:23,375 - INFO - new.py - 707 - Checking Bet history ['A']
2024-09-24 18:03:10,921 - INFO - new.py - 707 - Checking Bet history ['A']
2024-09-24 18:04:45,706 - INFO - new.py - 707 - Checking Bet history ['A', 'B']
2024-09-24 18:05:39,309 - INFO - new.py - 285 - A,9136.3,15000,0,0
2024-09-24 18:05:42,717 - INFO - new.py - 707 - Checking Bet history ['B']
2024-09-24 18:06:25,821 - INFO - new.py - 299 - B,9036.3,15000,1,0
2024-09-24 18:06:29,227 - INFO - new.py - 707 - Checking Bet history ['B', 'B']
2024-09-24 18:07:14,247 - INFO - new.py - 285 - A,8836.3,15000,2,0
2024-09-24 18:07:17,675 - INFO - new.py - 707 - Checking Bet history ['B', 'B', 'A']
2024-09-24 18:12:48,222 - INFO - new.py - 707 - Checking Bet history ['A']
2024-09-24 18:13:44,099 - INFO - new.py - 285 - A,8536.3,15000,3,0
2024-09-24 18:13:47,557 - INFO - new.py - 707 - Checking Bet history ['B']
2024-09-24 18:14:26,327 - INFO - new.py - 299 - B,8536.3,15000,1,1
2024-09-24 18:14:29,733 - INFO - new.py - 707 - Checking Bet history ['B', 'A']
2024-09-24 18:15:12,279 - INFO - new.py - 285 - A,8911.3,15000,2,0
2024-09-24 18:15:15,684 - INFO - new.py - 707 - Checking Bet history ['B', 'A', 'A']
2024-09-24 18:16:48,359 - INFO - new.py - 707 - Checking Bet history ['A', 'A', 'B', 'B']
2024-09-24 18:17:29,872 - INFO - new.py - 707 - Checking Bet history ['A']
2024-09-24 18:18:14,986 - INFO - new.py - 707 - Checking Bet history ['A']
2024-09-24 18:19:02,640 - INFO - new.py - 707 - Checking Bet history ['A']
2024-09-24 18:20:37,798 - INFO - new.py - 707 - Checking Bet history ['A', 'B']
2024-09-24 18:21:21,802 - INFO - new.py - 707 - Checking Bet history ['A']
2024-09-24 18:22:14,576 - INFO - new.py - 707 - Checking Bet history ['A']
2024-09-24 18:23:04,806 - INFO - new.py - 707 - Checking Bet history ['A']
2024-09-24 18:24:37,521 - INFO - new.py - 707 - Checking Bet history ['A', 'A']
2024-09-24 18:25:21,582 - INFO - new.py - 707 - Checking Bet history ['A']
2024-09-24 18:25:54,671 - ERROR - new.py - 730 - An error occurred in the main function: float() argument must be a string or a real number, not 'NoneType'
Traceback (most recent call last):
  File "d:\Kaushal\Playground\Omnitrix\Omnitrix\new.py", line 413, in <module>
    startingvaluefinal=float(extract_numbers(current_txt))
                       ^^^^^^^^^^^^^^^^^^^^^^^^^^^^^^^^^^^
TypeError: float() argument must be a string or a real number, not 'NoneType'
