2024-10-05 05:35:01,724 - INFO - Stategy_Fibo copy.py - 404 - Starting value: 3781.14
2024-10-05 05:35:01,724 - INFO - Stategy_Fibo copy.py - 405 - Target amount: 5000
2024-10-05 05:35:01,724 - INFO - Stategy_Fibo copy.py - 406 - Betted On,CurrentValue,TargetAmt,Losscount,Wincount
2024-10-05 05:35:28,422 - INFO - Stategy_Fibo copy.py - 296 - B,3781.14,5000,0,0
2024-10-05 05:35:31,897 - INFO - Stategy_Fibo copy.py - 769 - Checking Bet history []
2024-10-05 05:36:13,142 - INFO - Stategy_Fibo copy.py - 296 - B,3731.14,5000,1,0
2024-10-05 05:36:16,618 - INFO - Stategy_Fibo copy.py - 769 - Checking Bet history ['A']
2024-10-05 05:37:00,141 - INFO - Stategy_Fibo copy.py - 282 - A,3778.64,5000,0,1
2024-10-05 05:37:03,783 - INFO - Stategy_Fibo copy.py - 769 - Checking Bet history ['A', 'B']
2024-10-05 05:39:18,992 - INFO - Stategy_Fibo copy.py - 282 - A,3826.14,5000,0,0
2024-10-05 05:39:22,600 - INFO - Stategy_Fibo copy.py - 769 - Checking Bet history []
2024-10-05 05:40:07,244 - INFO - Stategy_Fibo copy.py - 296 - B,3776.14,5000,1,0
2024-10-05 05:40:10,880 - INFO - Stategy_Fibo copy.py - 769 - Checking Bet history ['B']
2024-10-05 05:40:54,598 - INFO - Stategy_Fibo copy.py - 282 - A,3823.64,5000,0,1
2024-10-05 05:40:58,211 - INFO - Stategy_Fibo copy.py - 769 - Checking Bet history ['B', 'B']
2024-10-05 05:41:40,469 - INFO - Stategy_Fibo copy.py - 282 - A,3773.64,5000,1,0
2024-10-05 05:41:44,087 - INFO - Stategy_Fibo copy.py - 769 - Checking Bet history ['B', 'B', 'B']
2024-10-05 05:43:20,293 - INFO - Stategy_Fibo copy.py - 296 - B,3821.14,5000,0,1
2024-10-05 05:43:23,909 - INFO - Stategy_Fibo copy.py - 769 - Checking Bet history []
2024-10-05 05:43:58,698 - INFO - Stategy_Fibo copy.py - 296 - B,3771.14,5000,1,0
2024-10-05 05:44:02,314 - INFO - Stategy_Fibo copy.py - 769 - Checking Bet history ['A']
2024-10-05 05:44:47,228 - INFO - Stategy_Fibo copy.py - 296 - B,3721.14,5000,2,0
2024-10-05 05:44:50,861 - INFO - Stategy_Fibo copy.py - 769 - Checking Bet history ['A', 'A']
2024-10-05 05:45:35,490 - INFO - Stategy_Fibo copy.py - 296 - B,3816.14,5000,0,1
2024-10-05 05:45:39,095 - INFO - Stategy_Fibo copy.py - 769 - Checking Bet history ['A', 'A', 'B']
2024-10-05 05:47:15,184 - INFO - Stategy_Fibo copy.py - 296 - B,3766.14,5000,1,1
2024-10-05 05:47:18,813 - INFO - Stategy_Fibo copy.py - 769 - Checking Bet history []
2024-10-05 05:47:53,589 - INFO - Stategy_Fibo copy.py - 296 - B,3813.64,5000,0,2
2024-10-05 05:47:57,210 - INFO - Stategy_Fibo copy.py - 769 - Checking Bet history ['B']
2024-10-05 05:48:44,754 - INFO - Stategy_Fibo copy.py - 282 - A,3763.64,5000,1,0
2024-10-05 05:48:48,382 - INFO - Stategy_Fibo copy.py - 769 - Checking Bet history ['B', 'A']
2024-10-05 05:49:33,173 - INFO - Stategy_Fibo copy.py - 282 - A,3811.14,5000,0,1
2024-10-05 05:49:36,799 - INFO - Stategy_Fibo copy.py - 769 - Checking Bet history ['B', 'A', 'A']
2024-10-05 05:51:22,348 - INFO - Stategy_Fibo copy.py - 296 - B,3761.14,5000,1,1
2024-10-05 05:51:25,990 - INFO - Stategy_Fibo copy.py - 769 - Checking Bet history []
2024-10-05 05:52:23,255 - INFO - Stategy_Fibo copy.py - 296 - B,3808.64,5000,0,2
2024-10-05 05:52:26,899 - INFO - Stategy_Fibo copy.py - 769 - Checking Bet history ['B']
2024-10-05 05:53:11,749 - INFO - Stategy_Fibo copy.py - 282 - A,3856.14,5000,0,3
2024-10-05 05:53:15,371 - INFO - Stategy_Fibo copy.py - 769 - Checking Bet history ['B', 'B']
2024-10-05 05:54:06,771 - INFO - Stategy_Fibo copy.py - 282 - A,3806.14,5000,1,0
2024-10-05 05:54:10,380 - INFO - Stategy_Fibo copy.py - 769 - Checking Bet history ['B', 'B', 'B']
2024-10-05 05:55:51,075 - INFO - Stategy_Fibo copy.py - 296 - B,3853.64,5000,0,1
2024-10-05 05:55:54,693 - INFO - Stategy_Fibo copy.py - 769 - Checking Bet history []
2024-10-05 05:56:35,908 - INFO - Stategy_Fibo copy.py - 296 - B,3803.64,5000,1,0
2024-10-05 05:56:39,530 - INFO - Stategy_Fibo copy.py - 769 - Checking Bet history ['A']
2024-10-05 05:57:31,010 - INFO - Stategy_Fibo copy.py - 282 - A,3851.14,5000,0,1
2024-10-05 05:57:34,653 - INFO - Stategy_Fibo copy.py - 769 - Checking Bet history ['A', 'B']
2024-10-05 06:00:05,268 - INFO - Stategy_Fibo copy.py - 296 - B,3898.64,5000,0,0
2024-10-05 06:00:08,888 - INFO - Stategy_Fibo copy.py - 769 - Checking Bet history []
2024-10-05 06:04:32,722 - INFO - Stategy_Fibo copy.py - 296 - B,3946.14,5000,0,0
2024-10-05 06:04:36,358 - INFO - Stategy_Fibo copy.py - 769 - Checking Bet history []
2024-10-05 06:08:54,657 - INFO - Stategy_Fibo copy.py - 296 - B,3993.64,5000,0,0
2024-10-05 06:08:58,295 - INFO - Stategy_Fibo copy.py - 769 - Checking Bet history []
2024-10-05 06:13:05,291 - INFO - Stategy_Fibo copy.py - 296 - B,4041.14,5000,0,0
2024-10-05 06:13:08,919 - INFO - Stategy_Fibo copy.py - 769 - Checking Bet history []
2024-10-05 06:13:52,351 - INFO - Stategy_Fibo copy.py - 296 - B,3991.14,5000,1,0
2024-10-05 06:13:55,996 - INFO - Stategy_Fibo copy.py - 769 - Checking Bet history ['A']
2024-10-05 06:14:39,799 - INFO - Stategy_Fibo copy.py - 282 - A,4038.64,5000,0,1
2024-10-05 06:14:43,426 - INFO - Stategy_Fibo copy.py - 769 - Checking Bet history ['A', 'B']
2024-10-05 06:17:03,703 - INFO - Stategy_Fibo copy.py - 296 - B,4086.14,5000,0,0
2024-10-05 06:17:07,328 - INFO - Stategy_Fibo copy.py - 769 - Checking Bet history []
2024-10-05 06:20:56,766 - INFO - Stategy_Fibo copy.py - 296 - B,4133.64,5000,0,0
2024-10-05 06:21:00,372 - INFO - Stategy_Fibo copy.py - 769 - Checking Bet history []
2024-10-05 06:21:44,063 - INFO - Stategy_Fibo copy.py - 296 - B,4083.64,5000,1,0
2024-10-05 06:21:47,682 - INFO - Stategy_Fibo copy.py - 769 - Checking Bet history ['A']
2024-10-05 06:22:30,679 - INFO - Stategy_Fibo copy.py - 282 - A,4131.14,5000,0,1
2024-10-05 06:22:34,286 - INFO - Stategy_Fibo copy.py - 769 - Checking Bet history ['A', 'B']
2024-10-05 06:23:19,011 - INFO - Stategy_Fibo copy.py - 296 - B,4081.14,5000,1,0
2024-10-05 06:23:22,615 - INFO - Stategy_Fibo copy.py - 769 - Checking Bet history ['A', 'B', 'B']
2024-10-05 06:25:00,916 - INFO - Stategy_Fibo copy.py - 296 - B,4031.14,5000,2,1
2024-10-05 06:25:04,550 - INFO - Stategy_Fibo copy.py - 769 - Checking Bet history []
2024-10-05 06:25:43,476 - INFO - Stategy_Fibo copy.py - 296 - B,3931.14,5000,3,0
2024-10-05 06:25:47,093 - INFO - Stategy_Fibo copy.py - 769 - Checking Bet history ['A']
2024-10-05 06:26:33,833 - INFO - Stategy_Fibo copy.py - 282 - A,4073.64,5000,1,1
2024-10-05 06:26:37,437 - INFO - Stategy_Fibo copy.py - 769 - Checking Bet history ['A', 'B']
2024-10-05 06:27:27,418 - INFO - Stategy_Fibo copy.py - 296 - B,4023.64,5000,2,0
2024-10-05 06:27:31,022 - INFO - Stategy_Fibo copy.py - 769 - Checking Bet history ['A', 'B', 'B']
2024-10-05 06:29:16,166 - INFO - Stategy_Fibo copy.py - 296 - B,4118.64,5000,0,1
2024-10-05 06:29:19,779 - INFO - Stategy_Fibo copy.py - 769 - Checking Bet history []
2024-10-05 06:29:58,481 - INFO - Stategy_Fibo copy.py - 296 - B,4068.64,5000,1,0
2024-10-05 06:30:02,080 - INFO - Stategy_Fibo copy.py - 769 - Checking Bet history ['A']
2024-10-05 06:30:53,768 - INFO - Stategy_Fibo copy.py - 282 - A,4116.14,5000,0,1
2024-10-05 06:30:57,390 - INFO - Stategy_Fibo copy.py - 769 - Checking Bet history ['A', 'B']
2024-10-05 06:31:43,116 - INFO - Stategy_Fibo copy.py - 296 - B,4163.64,5000,0,2
2024-10-05 06:31:46,740 - INFO - Stategy_Fibo copy.py - 769 - Checking Bet history ['A', 'B', 'A']
2024-10-05 06:36:47,858 - INFO - Stategy_Fibo copy.py - 282 - A,4211.14,5000,0,0
2024-10-05 06:36:51,497 - INFO - Stategy_Fibo copy.py - 769 - Checking Bet history []
2024-10-05 06:40:48,116 - INFO - Stategy_Fibo copy.py - 282 - A,4258.64,5000,0,0
2024-10-05 06:40:51,734 - INFO - Stategy_Fibo copy.py - 769 - Checking Bet history []
2024-10-05 06:41:38,811 - INFO - Stategy_Fibo copy.py - 296 - B,4208.64,5000,1,0
2024-10-05 06:41:42,434 - INFO - Stategy_Fibo copy.py - 769 - Checking Bet history ['B']
2024-10-05 06:42:25,418 - INFO - Stategy_Fibo copy.py - 282 - A,4256.14,5000,0,1
2024-10-05 06:42:29,051 - INFO - Stategy_Fibo copy.py - 769 - Checking Bet history ['B', 'B']
2024-10-05 06:43:15,772 - INFO - Stategy_Fibo copy.py - 282 - A,4206.14,5000,1,0
2024-10-05 06:43:19,372 - INFO - Stategy_Fibo copy.py - 769 - Checking Bet history ['B', 'B', 'B']
2024-10-05 06:44:59,768 - INFO - Stategy_Fibo copy.py - 282 - A,4253.64,5000,0,1
2024-10-05 06:45:03,409 - INFO - Stategy_Fibo copy.py - 769 - Checking Bet history []
2024-10-05 06:45:42,220 - INFO - Stategy_Fibo copy.py - 296 - B,4203.64,5000,1,0
2024-10-05 06:45:45,836 - INFO - Stategy_Fibo copy.py - 769 - Checking Bet history ['B']
2024-10-05 06:46:29,317 - INFO - Stategy_Fibo copy.py - 282 - A,4153.64,5000,2,0
2024-10-05 06:46:32,924 - INFO - Stategy_Fibo copy.py - 769 - Checking Bet history ['B', 'A']
2024-10-05 06:47:21,180 - INFO - Stategy_Fibo copy.py - 282 - A,4053.64,5000,3,0
2024-10-05 06:47:24,790 - INFO - Stategy_Fibo copy.py - 769 - Checking Bet history ['B', 'A', 'B']
2024-10-05 06:49:05,435 - INFO - Stategy_Fibo copy.py - 296 - B,4196.14,5000,1,1
2024-10-05 06:49:09,046 - INFO - Stategy_Fibo copy.py - 769 - Checking Bet history []
2024-10-05 06:49:50,886 - INFO - Stategy_Fibo copy.py - 296 - B,4146.14,5000,2,0
2024-10-05 06:49:54,517 - INFO - Stategy_Fibo copy.py - 769 - Checking Bet history ['A']
2024-10-05 06:50:35,415 - INFO - Stategy_Fibo copy.py - 282 - A,4241.14,5000,0,1
2024-10-05 06:50:39,030 - INFO - Stategy_Fibo copy.py - 769 - Checking Bet history ['A', 'B']
2024-10-05 06:51:27,996 - INFO - Stategy_Fibo copy.py - 296 - B,4191.14,5000,1,0
2024-10-05 06:51:31,605 - INFO - Stategy_Fibo copy.py - 769 - Checking Bet history ['A', 'B', 'B']
2024-10-05 06:53:09,691 - INFO - Stategy_Fibo copy.py - 282 - A,4238.64,5000,0,1
2024-10-05 06:53:13,297 - INFO - Stategy_Fibo copy.py - 769 - Checking Bet history []
2024-10-05 06:53:51,443 - INFO - Stategy_Fibo copy.py - 296 - B,4286.14,5000,0,2
2024-10-05 06:53:55,056 - INFO - Stategy_Fibo copy.py - 769 - Checking Bet history ['A']
2024-10-05 06:57:00,217 - INFO - Stategy_Fibo copy.py - 282 - A,4333.64,5000,0,0
2024-10-05 06:57:03,825 - INFO - Stategy_Fibo copy.py - 769 - Checking Bet history []
2024-10-05 07:00:57,717 - INFO - Stategy_Fibo copy.py - 282 - A,4381.14,5000,0,0
2024-10-05 07:01:01,357 - INFO - Stategy_Fibo copy.py - 769 - Checking Bet history []
2024-10-05 07:01:43,202 - INFO - Stategy_Fibo copy.py - 296 - B,4331.14,5000,1,0
2024-10-05 07:01:46,816 - INFO - Stategy_Fibo copy.py - 769 - Checking Bet history ['B']
2024-10-05 07:02:32,085 - INFO - Stategy_Fibo copy.py - 282 - A,4281.14,5000,2,0
2024-10-05 07:02:35,721 - INFO - Stategy_Fibo copy.py - 769 - Checking Bet history ['B', 'A']
2024-10-05 07:03:19,349 - INFO - Stategy_Fibo copy.py - 282 - A,4376.14,5000,0,1
2024-10-05 07:03:22,980 - INFO - Stategy_Fibo copy.py - 769 - Checking Bet history ['B', 'A', 'A']
2024-10-05 07:04:57,856 - INFO - Stategy_Fibo copy.py - 282 - A,4326.14,5000,1,1
2024-10-05 07:05:01,467 - INFO - Stategy_Fibo copy.py - 769 - Checking Bet history []
2024-10-05 07:05:39,045 - INFO - Stategy_Fibo copy.py - 296 - B,4373.64,5000,0,2
2024-10-05 07:05:42,655 - INFO - Stategy_Fibo copy.py - 769 - Checking Bet history ['A']
2024-10-05 07:08:52,503 - INFO - Stategy_Fibo copy.py - 282 - A,4421.14,5000,0,0
2024-10-05 07:08:56,113 - INFO - Stategy_Fibo copy.py - 769 - Checking Bet history []
2024-10-05 07:13:11,257 - INFO - Stategy_Fibo copy.py - 282 - A,4468.64,5000,0,0
2024-10-05 07:13:14,890 - INFO - Stategy_Fibo copy.py - 769 - Checking Bet history []
2024-10-05 07:17:12,779 - INFO - Stategy_Fibo copy.py - 282 - A,4516.14,5000,0,0
2024-10-05 07:17:16,411 - INFO - Stategy_Fibo copy.py - 769 - Checking Bet history []
2024-10-05 07:17:57,378 - INFO - Stategy_Fibo copy.py - 296 - B,4466.14,5000,1,0
2024-10-05 07:18:00,987 - INFO - Stategy_Fibo copy.py - 769 - Checking Bet history ['B']
2024-10-05 07:18:47,202 - INFO - Stategy_Fibo copy.py - 282 - A,4513.64,5000,0,1
2024-10-05 07:18:50,808 - INFO - Stategy_Fibo copy.py - 769 - Checking Bet history ['B', 'B']
2024-10-05 07:21:07,023 - INFO - Stategy_Fibo copy.py - 282 - A,4561.14,5000,0,0
2024-10-05 07:21:10,625 - INFO - Stategy_Fibo copy.py - 769 - Checking Bet history []
2024-10-05 07:25:08,450 - INFO - Stategy_Fibo copy.py - 282 - A,4608.64,5000,0,0
2024-10-05 07:25:12,061 - INFO - Stategy_Fibo copy.py - 769 - Checking Bet history []
2024-10-05 07:29:13,299 - INFO - Stategy_Fibo copy.py - 282 - A,4656.14,5000,0,0
2024-10-05 07:29:16,925 - INFO - Stategy_Fibo copy.py - 769 - Checking Bet history []
2024-10-05 07:30:02,427 - INFO - Stategy_Fibo copy.py - 296 - B,4606.14,5000,1,0
2024-10-05 07:30:06,054 - INFO - Stategy_Fibo copy.py - 769 - Checking Bet history ['B']
2024-10-05 07:30:49,502 - INFO - Stategy_Fibo copy.py - 282 - A,4556.14,5000,2,0
2024-10-05 07:30:53,112 - INFO - Stategy_Fibo copy.py - 769 - Checking Bet history ['B', 'A']
2024-10-05 07:31:39,488 - INFO - Stategy_Fibo copy.py - 282 - A,4651.14,5000,0,1
2024-10-05 07:31:43,088 - INFO - Stategy_Fibo copy.py - 769 - Checking Bet history ['B', 'A', 'A']
2024-10-05 07:33:24,491 - INFO - Stategy_Fibo copy.py - 282 - A,4601.14,5000,1,1
2024-10-05 07:33:28,128 - INFO - Stategy_Fibo copy.py - 769 - Checking Bet history []
2024-10-05 07:34:07,545 - INFO - Stategy_Fibo copy.py - 296 - B,4648.64,5000,0,2
2024-10-05 07:34:11,156 - INFO - Stategy_Fibo copy.py - 769 - Checking Bet history ['A']
2024-10-05 07:34:54,520 - INFO - Stategy_Fibo copy.py - 296 - B,4598.64,5000,1,0
2024-10-05 07:34:58,130 - INFO - Stategy_Fibo copy.py - 769 - Checking Bet history ['A', 'A']
2024-10-05 07:35:43,938 - INFO - Stategy_Fibo copy.py - 296 - B,4548.64,5000,2,0
2024-10-05 07:35:47,575 - INFO - Stategy_Fibo copy.py - 769 - Checking Bet history ['A', 'A', 'A']
2024-10-05 07:37:29,219 - INFO - Stategy_Fibo copy.py - 282 - A,4643.64,5000,0,1
2024-10-05 07:37:32,837 - INFO - Stategy_Fibo copy.py - 769 - Checking Bet history []
2024-10-05 07:41:22,537 - INFO - Stategy_Fibo copy.py - 282 - A,4691.14,5000,0,0
2024-10-05 07:41:26,157 - INFO - Stategy_Fibo copy.py - 769 - Checking Bet history []
2024-10-05 07:42:11,025 - INFO - Stategy_Fibo copy.py - 296 - B,4641.14,5000,1,0
2024-10-05 07:42:14,670 - INFO - Stategy_Fibo copy.py - 769 - Checking Bet history ['B']
2024-10-05 07:42:56,334 - INFO - Stategy_Fibo copy.py - 282 - A,4688.64,5000,0,1
2024-10-05 07:42:59,966 - INFO - Stategy_Fibo copy.py - 769 - Checking Bet history ['B', 'B']
2024-10-05 07:45:22,879 - INFO - Stategy_Fibo copy.py - 282 - A,4736.14,5000,0,0
2024-10-05 07:45:26,488 - INFO - Stategy_Fibo copy.py - 769 - Checking Bet history []
2024-10-05 07:49:27,477 - INFO - Stategy_Fibo copy.py - 282 - A,4783.64,5000,0,0
2024-10-05 07:49:31,107 - INFO - Stategy_Fibo copy.py - 769 - Checking Bet history []
2024-10-05 07:50:13,609 - INFO - Stategy_Fibo copy.py - 296 - B,4733.64,5000,1,0
2024-10-05 07:50:17,232 - INFO - Stategy_Fibo copy.py - 769 - Checking Bet history ['B']
2024-10-05 07:51:12,193 - INFO - Stategy_Fibo copy.py - 282 - A,4683.64,5000,2,0
2024-10-05 07:51:15,820 - INFO - Stategy_Fibo copy.py - 769 - Checking Bet history ['B', 'A']
2024-10-05 07:52:42,303 - INFO - Stategy_Fibo copy.py - 282 - A,4778.64,5000,0,1
2024-10-05 07:52:45,918 - INFO - Stategy_Fibo copy.py - 769 - Checking Bet history ['B', 'A', 'A']
2024-10-05 07:54:27,478 - INFO - Stategy_Fibo copy.py - 282 - A,4728.64,5000,1,1
2024-10-05 07:54:31,085 - INFO - Stategy_Fibo copy.py - 769 - Checking Bet history []
2024-10-05 07:55:06,427 - INFO - Stategy_Fibo copy.py - 296 - B,4776.14,5000,0,2
2024-10-05 07:55:10,036 - INFO - Stategy_Fibo copy.py - 769 - Checking Bet history ['A']
2024-10-05 07:58:18,261 - INFO - Stategy_Fibo copy.py - 282 - A,4823.64,5000,0,0
2024-10-05 07:58:21,858 - INFO - Stategy_Fibo copy.py - 769 - Checking Bet history []
2024-10-05 07:59:06,790 - INFO - Stategy_Fibo copy.py - 296 - B,4773.64,5000,1,0
2024-10-05 07:59:10,420 - INFO - Stategy_Fibo copy.py - 769 - Checking Bet history ['B']
2024-10-05 07:59:53,538 - INFO - Stategy_Fibo copy.py - 282 - A,4821.14,5000,0,1
2024-10-05 07:59:57,156 - INFO - Stategy_Fibo copy.py - 769 - Checking Bet history ['B', 'B']
2024-10-05 08:00:41,576 - INFO - Stategy_Fibo copy.py - 282 - A,4771.14,5000,1,0
2024-10-05 08:00:45,196 - INFO - Stategy_Fibo copy.py - 769 - Checking Bet history ['B', 'B', 'B']
2024-10-05 08:02:23,365 - INFO - Stategy_Fibo copy.py - 282 - A,4721.14,5000,2,1
2024-10-05 08:02:26,954 - INFO - Stategy_Fibo copy.py - 769 - Checking Bet history []
