2024-09-21 03:23:05,576 - INFO - Stategy_Fibo copy.py - 406 - Starting value: 50698.1
2024-09-21 03:23:05,576 - INFO - Stategy_Fibo copy.py - 407 - Target amount: 55000
2024-09-21 03:23:05,576 - INFO - Stategy_Fibo copy.py - 408 - Betted On,CurrentValue,TargetAmt,Losscount,Wincount
2024-09-21 03:23:40,267 - INFO - Stategy_Fibo copy.py - 299 - B,50698.1,55000,0,0
2024-09-21 03:23:43,645 - INFO - Stategy_Fibo copy.py - 747 - Checking Bet history []
2024-09-21 03:24:25,054 - INFO - Stategy_Fibo copy.py - 299 - B,50198.1,55000,1,0
2024-09-21 03:24:28,434 - INFO - Stategy_Fibo copy.py - 747 - Checking Bet history ['A']
2024-09-21 03:27:28,055 - INFO - Stategy_Fibo copy.py - 299 - B,51148.1,55000,0,0
2024-09-21 03:27:31,435 - INFO - Stategy_Fibo copy.py - 747 - Checking Bet history []
2024-09-21 03:31:54,687 - INFO - Stategy_Fibo copy.py - 299 - B,51623.1,55000,0,0
2024-09-21 03:31:58,067 - INFO - Stategy_Fibo copy.py - 747 - Checking Bet history []
2024-09-21 03:32:48,135 - INFO - Stategy_Fibo copy.py - 299 - B,51123.1,55000,1,0
2024-09-21 03:32:51,521 - INFO - Stategy_Fibo copy.py - 747 - Checking Bet history ['A']
2024-09-21 03:33:46,587 - INFO - Stategy_Fibo copy.py - 299 - B,50123.1,55000,2,0
2024-09-21 03:33:49,972 - INFO - Stategy_Fibo copy.py - 747 - Checking Bet history ['A', 'A']
2024-09-21 03:34:40,535 - INFO - Stategy_Fibo copy.py - 285 - A,48623.1,55000,3,0
2024-09-21 03:34:43,922 - INFO - Stategy_Fibo copy.py - 747 - Checking Bet history ['A', 'A', 'A']
2024-09-21 03:36:25,220 - INFO - Stategy_Fibo copy.py - 299 - B,52423.1,55000,0,0
2024-09-21 03:36:28,597 - INFO - Stategy_Fibo copy.py - 747 - Checking Bet history []
2024-09-21 03:40:33,194 - INFO - Stategy_Fibo copy.py - 299 - B,52898.1,55000,0,0
2024-09-21 03:40:36,574 - INFO - Stategy_Fibo copy.py - 747 - Checking Bet history []
2024-09-21 03:41:22,210 - INFO - Stategy_Fibo copy.py - 299 - B,52398.1,55000,1,0
2024-09-21 03:41:25,595 - INFO - Stategy_Fibo copy.py - 747 - Checking Bet history ['A']
2024-09-21 03:42:16,076 - INFO - Stategy_Fibo copy.py - 299 - B,51398.1,55000,2,0
2024-09-21 03:42:19,459 - INFO - Stategy_Fibo copy.py - 747 - Checking Bet history ['A', 'A']
2024-09-21 03:43:06,551 - INFO - Stategy_Fibo copy.py - 299 - B,53298.1,55000,0,1
2024-09-21 03:43:09,935 - INFO - Stategy_Fibo copy.py - 747 - Checking Bet history ['A', 'A', 'B']
2024-09-21 03:44:48,326 - INFO - Stategy_Fibo copy.py - 299 - B,53773.1,55000,0,0
2024-09-21 03:44:51,707 - INFO - Stategy_Fibo copy.py - 747 - Checking Bet history []
2024-09-21 03:49:05,111 - INFO - Stategy_Fibo copy.py - 299 - B,54248.1,55000,0,0
2024-09-21 03:49:08,492 - INFO - Stategy_Fibo copy.py - 747 - Checking Bet history []
2024-09-21 03:53:16,764 - INFO - Stategy_Fibo copy.py - 299 - B,54723.1,55000,0,0
2024-09-21 03:53:20,142 - INFO - Stategy_Fibo copy.py - 747 - Checking Bet history []
2024-09-21 03:53:55,148 - INFO - Stategy_Fibo copy.py - 765 - Condition not met, alarm beeped.
