2024-09-18 21:08:53,249 - INFO - Stategy_Fibo copy.py - 392 - Starting value: 34641.6
2024-09-18 21:08:53,250 - INFO - Stategy_Fibo copy.py - 393 - Target amount: 35500
2024-09-18 21:08:53,251 - INFO - Stategy_Fibo copy.py - 394 - Betted On,CurrentValue,TargetAmt,Losscount,Wincount
2024-09-18 21:09:30,952 - INFO - Stategy_Fibo copy.py - 285 - B,34641.6,35500,0,0
2024-09-18 21:09:34,372 - INFO - Stategy_Fibo copy.py - 751 - betcount  1
2024-09-18 21:10:17,661 - INFO - Stategy_Fibo copy.py - 285 - B,34591.6,35500,1,0
2024-09-18 21:10:21,071 - INFO - Stategy_Fibo copy.py - 751 - betcount  2
2024-09-18 21:11:07,231 - INFO - Stategy_Fibo copy.py - 271 - A,34686.6,35500,1,1
2024-09-18 21:11:10,693 - INFO - Stategy_Fibo copy.py - 751 - betcount  3
2024-09-18 21:12:12,955 - INFO - Stategy_Fibo copy.py - 271 - A,34636.6,35500,2,0
2024-09-18 21:12:16,378 - INFO - Stategy_Fibo copy.py - 751 - betcount  4
2024-09-18 21:14:12,136 - INFO - Stategy_Fibo copy.py - 285 - B,34536.6,35500,3,0
2024-09-18 21:14:15,548 - INFO - Stategy_Fibo copy.py - 751 - betcount  6
2024-09-18 21:14:56,536 - INFO - Stategy_Fibo copy.py - 285 - B,34386.6,35500,4,0
2024-09-18 21:14:59,992 - INFO - Stategy_Fibo copy.py - 751 - betcount  7
2024-09-18 21:15:45,376 - INFO - Stategy_Fibo copy.py - 285 - B,34136.6,35500,5,0
2024-09-18 21:15:48,825 - INFO - Stategy_Fibo copy.py - 751 - betcount  8
2024-09-18 21:16:37,218 - INFO - Stategy_Fibo copy.py - 285 - B,33736.6,35500,6,0
2024-09-18 21:16:40,646 - INFO - Stategy_Fibo copy.py - 751 - betcount  9
2024-09-18 21:18:21,016 - INFO - Stategy_Fibo copy.py - 271 - A,33086.6,35500,7,0
2024-09-18 21:18:24,459 - INFO - Stategy_Fibo copy.py - 751 - betcount  11
2024-09-18 21:19:12,149 - INFO - Stategy_Fibo copy.py - 271 - A,32036.6,35500,8,0
2024-09-18 21:19:15,562 - INFO - Stategy_Fibo copy.py - 751 - betcount  12
2024-09-18 21:20:01,574 - INFO - Stategy_Fibo copy.py - 285 - B,30336.6,35500,9,0
2024-09-18 21:20:04,998 - INFO - Stategy_Fibo copy.py - 751 - betcount  13
2024-09-18 21:20:50,707 - INFO - Stategy_Fibo copy.py - 285 - B,27586.6,35500,10,0
2024-09-18 21:20:54,134 - INFO - Stategy_Fibo copy.py - 751 - betcount  14
2024-09-18 21:22:39,725 - INFO - Stategy_Fibo copy.py - 271 - A,31814.1,35500,8,1
2024-09-18 21:22:43,172 - INFO - Stategy_Fibo copy.py - 751 - betcount  16
2024-09-18 21:23:25,536 - INFO - Stategy_Fibo copy.py - 271 - A,33429.1,35500,6,2
2024-09-18 21:23:28,964 - INFO - Stategy_Fibo copy.py - 751 - betcount  17
2024-09-18 21:24:23,818 - INFO - Stategy_Fibo copy.py - 285 - B,32779.1,35500,7,0
2024-09-18 21:24:27,228 - INFO - Stategy_Fibo copy.py - 751 - betcount  18
2024-09-18 21:25:10,552 - INFO - Stategy_Fibo copy.py - 285 - B,31729.1,35500,8,0
2024-09-18 21:25:13,969 - INFO - Stategy_Fibo copy.py - 751 - betcount  19
2024-09-18 21:27:00,768 - INFO - Stategy_Fibo copy.py - 271 - A,33344.1,35500,6,1
2024-09-18 21:27:04,133 - INFO - Stategy_Fibo copy.py - 751 - betcount  21
2024-09-18 21:27:47,257 - INFO - Stategy_Fibo copy.py - 271 - A,32694.1,35500,7,0
2024-09-18 21:27:50,670 - INFO - Stategy_Fibo copy.py - 751 - betcount  22
2024-09-18 21:28:39,509 - INFO - Stategy_Fibo copy.py - 271 - A,33691.6,35500,5,1
2024-09-18 21:28:42,875 - INFO - Stategy_Fibo copy.py - 751 - betcount  23
2024-09-18 21:29:29,646 - INFO - Stategy_Fibo copy.py - 271 - A,34071.6,35500,3,2
2024-09-18 21:29:33,084 - INFO - Stategy_Fibo copy.py - 751 - betcount  24
2024-09-18 21:31:53,338 - INFO - Stategy_Fibo copy.py - 271 - A,34214.1,35500,1,3
2024-09-18 21:31:56,777 - INFO - Stategy_Fibo copy.py - 751 - betcount  26
2024-09-18 21:32:44,734 - INFO - Stategy_Fibo copy.py - 271 - A,34261.6,35500,1,4
2024-09-18 21:32:48,161 - INFO - Stategy_Fibo copy.py - 751 - betcount  27
2024-09-18 21:33:38,995 - INFO - Stategy_Fibo copy.py - 271 - A,34309.1,35500,1,5
2024-09-18 21:33:42,414 - INFO - Stategy_Fibo copy.py - 751 - betcount  28
2024-09-18 21:34:36,985 - INFO - Stategy_Fibo copy.py - 285 - B,34259.1,35500,2,0
2024-09-18 21:34:40,436 - INFO - Stategy_Fibo copy.py - 751 - betcount  29
2024-09-18 21:36:29,354 - INFO - Stategy_Fibo copy.py - 285 - B,34354.1,35500,0,1
2024-09-18 21:36:32,819 - INFO - Stategy_Fibo copy.py - 751 - betcount  31
2024-09-18 21:37:22,530 - INFO - Stategy_Fibo copy.py - 285 - B,34401.6,35500,0,2
2024-09-18 21:37:25,967 - INFO - Stategy_Fibo copy.py - 751 - betcount  32
2024-09-18 21:38:13,046 - INFO - Stategy_Fibo copy.py - 285 - B,34449.1,35500,0,3
2024-09-18 21:38:16,453 - INFO - Stategy_Fibo copy.py - 751 - betcount  33
2024-09-18 21:39:09,494 - INFO - Stategy_Fibo copy.py - 271 - A,34399.1,35500,1,0
2024-09-18 21:39:12,905 - INFO - Stategy_Fibo copy.py - 751 - betcount  34
2024-09-18 21:40:58,133 - INFO - Stategy_Fibo copy.py - 285 - B,34494.1,35500,1,1
2024-09-18 21:41:01,543 - INFO - Stategy_Fibo copy.py - 751 - betcount  36
2024-09-18 21:41:51,653 - INFO - Stategy_Fibo copy.py - 285 - B,34541.6,35500,1,2
2024-09-18 21:41:55,078 - INFO - Stategy_Fibo copy.py - 751 - betcount  37
2024-09-18 21:42:47,355 - INFO - Stategy_Fibo copy.py - 271 - A,34491.6,35500,2,0
2024-09-18 21:42:50,782 - INFO - Stategy_Fibo copy.py - 751 - betcount  38
2024-09-18 21:43:41,459 - INFO - Stategy_Fibo copy.py - 271 - A,34391.6,35500,3,0
2024-09-18 21:43:44,894 - INFO - Stategy_Fibo copy.py - 751 - betcount  39
2024-09-18 21:45:31,185 - INFO - Stategy_Fibo copy.py - 285 - B,34241.6,35500,4,0
2024-09-18 21:45:34,570 - INFO - Stategy_Fibo copy.py - 751 - betcount  41
2024-09-18 21:46:24,943 - INFO - Stategy_Fibo copy.py - 285 - B,34479.1,35500,2,1
2024-09-18 21:46:28,323 - INFO - Stategy_Fibo copy.py - 751 - betcount  42
