2024-09-17 23:55:55,623 - INFO - Stategy_Fibo copy.py - 392 - Starting value: 34480.6
2024-09-17 23:55:55,623 - INFO - Stategy_Fibo copy.py - 393 - Target amount: 36000
2024-09-17 23:55:55,623 - INFO - Stategy_Fibo copy.py - 394 - Betted On,CurrentValue,TargetAmt,Losscount,Wincount
2024-09-17 23:56:27,945 - INFO - Stategy_Fibo copy.py - 285 - B,34480.6,36000,0,0
2024-09-17 23:56:31,347 - INFO - Stategy_Fibo copy.py - 751 - betcount  1
2024-09-17 23:57:18,039 - INFO - Stategy_Fibo copy.py - 285 - B,34430.6,36000,1,0
2024-09-17 23:57:21,432 - INFO - Stategy_Fibo copy.py - 751 - betcount  2
2024-09-17 23:58:12,151 - INFO - Stategy_Fibo copy.py - 271 - A,34525.6,36000,1,1
2024-09-17 23:58:15,555 - INFO - Stategy_Fibo copy.py - 751 - betcount  3
2024-09-17 23:59:06,625 - INFO - Stategy_Fibo copy.py - 271 - A,34573.1,36000,1,2
2024-09-17 23:59:10,021 - INFO - Stategy_Fibo copy.py - 751 - betcount  4
2024-09-18 00:00:50,258 - INFO - Stategy_Fibo copy.py - 285 - B,34523.1,36000,2,0
2024-09-18 00:00:53,663 - INFO - Stategy_Fibo copy.py - 751 - betcount  6
2024-09-18 00:01:33,986 - INFO - Stategy_Fibo copy.py - 285 - B,34423.1,36000,3,0
2024-09-18 00:01:37,383 - INFO - Stategy_Fibo copy.py - 751 - betcount  7
2024-09-18 00:02:28,860 - INFO - Stategy_Fibo copy.py - 271 - A,34565.6,36000,1,1
2024-09-18 00:02:32,251 - INFO - Stategy_Fibo copy.py - 751 - betcount  8
2024-09-18 00:03:14,428 - INFO - Stategy_Fibo copy.py - 271 - A,34515.6,36000,2,0
2024-09-18 00:03:17,823 - INFO - Stategy_Fibo copy.py - 751 - betcount  9
2024-09-18 00:05:05,218 - INFO - Stategy_Fibo copy.py - 285 - B,34610.6,36000,0,1
2024-09-18 00:05:08,613 - INFO - Stategy_Fibo copy.py - 751 - betcount  11
2024-09-18 00:05:54,791 - INFO - Stategy_Fibo copy.py - 285 - B,34560.6,36000,1,0
2024-09-18 00:05:58,184 - INFO - Stategy_Fibo copy.py - 751 - betcount  12
2024-09-18 00:06:28,427 - INFO - Stategy_Fibo copy.py - 426 - new target check  length: 4
2024-09-18 00:07:20,483 - INFO - Stategy_Fibo copy.py - 426 - new target check  length: 4
2024-09-18 00:08:09,714 - INFO - Stategy_Fibo copy.py - 426 - new target check  length: 4
2024-09-18 00:09:13,582 - INFO - Stategy_Fibo copy.py - 285 - B,34655.6,36000,0,0
2024-09-18 00:09:16,963 - INFO - Stategy_Fibo copy.py - 751 - betcount  16
2024-09-18 00:10:03,290 - INFO - Stategy_Fibo copy.py - 285 - B,34605.6,36000,1,0
2024-09-18 00:10:06,680 - INFO - Stategy_Fibo copy.py - 751 - betcount  17
2024-09-18 00:11:06,013 - INFO - Stategy_Fibo copy.py - 271 - A,34700.6,36000,1,1
2024-09-18 00:11:09,403 - INFO - Stategy_Fibo copy.py - 751 - betcount  18
2024-09-18 00:12:00,324 - INFO - Stategy_Fibo copy.py - 271 - A,34748.1,36000,1,2
2024-09-18 00:12:03,703 - INFO - Stategy_Fibo copy.py - 751 - betcount  19
2024-09-18 00:13:44,364 - INFO - Stategy_Fibo copy.py - 285 - B,34698.1,36000,2,0
2024-09-18 00:13:47,744 - INFO - Stategy_Fibo copy.py - 751 - betcount  21
2024-09-18 00:14:33,801 - INFO - Stategy_Fibo copy.py - 285 - B,34598.1,36000,3,0
2024-09-18 00:14:37,200 - INFO - Stategy_Fibo copy.py - 751 - betcount  22
2024-09-18 00:15:23,139 - INFO - Stategy_Fibo copy.py - 271 - A,34740.6,36000,1,1
2024-09-18 00:15:26,514 - INFO - Stategy_Fibo copy.py - 751 - betcount  23
2024-09-18 00:16:17,172 - INFO - Stategy_Fibo copy.py - 271 - A,34788.1,36000,1,2
2024-09-18 00:16:20,614 - INFO - Stategy_Fibo copy.py - 751 - betcount  24
2024-09-18 00:17:59,211 - INFO - Stategy_Fibo copy.py - 285 - B,34738.1,36000,2,0
2024-09-18 00:18:02,623 - INFO - Stategy_Fibo copy.py - 751 - betcount  26
2024-09-18 00:18:35,766 - INFO - Stategy_Fibo copy.py - 426 - new target check  length: 4
2024-09-18 00:19:25,384 - INFO - Stategy_Fibo copy.py - 426 - new target check  length: 4
2024-09-18 00:20:19,130 - INFO - Stategy_Fibo copy.py - 426 - new target check  length: 4
2024-09-18 00:21:08,695 - INFO - Stategy_Fibo copy.py - 426 - new target check  length: 4
2024-09-18 00:22:14,870 - INFO - Stategy_Fibo copy.py - 285 - B,34833.1,36000,0,0
2024-09-18 00:22:18,312 - INFO - Stategy_Fibo copy.py - 751 - betcount  31
2024-09-18 00:23:05,063 - INFO - Stategy_Fibo copy.py - 285 - B,34783.1,36000,1,0
2024-09-18 00:23:08,531 - INFO - Stategy_Fibo copy.py - 751 - betcount  32
2024-09-18 00:23:57,203 - INFO - Stategy_Fibo copy.py - 285 - B,34683.1,36000,2,0
2024-09-18 00:24:00,624 - INFO - Stategy_Fibo copy.py - 751 - betcount  33
2024-09-18 00:24:45,933 - INFO - Stategy_Fibo copy.py - 271 - A,34583.1,36000,3,0
2024-09-18 00:24:49,321 - INFO - Stategy_Fibo copy.py - 751 - betcount  34
2024-09-18 00:26:34,800 - INFO - Stategy_Fibo copy.py - 271 - A,34433.1,36000,4,0
2024-09-18 00:26:38,195 - INFO - Stategy_Fibo copy.py - 751 - betcount  36
2024-09-18 00:27:14,320 - INFO - Stategy_Fibo copy.py - 285 - B,34433.1,36000,2,1
2024-09-18 00:27:18,516 - INFO - Stategy_Fibo copy.py - 751 - betcount  37
2024-09-18 00:28:05,662 - INFO - Stategy_Fibo copy.py - 285 - B,34570.6,36000,3,0
2024-09-18 00:28:09,178 - INFO - Stategy_Fibo copy.py - 751 - betcount  38
2024-09-18 00:28:56,429 - INFO - Stategy_Fibo copy.py - 285 - B,34713.1,36000,1,1
2024-09-18 00:28:59,847 - INFO - Stategy_Fibo copy.py - 751 - betcount  39
2024-09-18 00:30:39,609 - INFO - Stategy_Fibo copy.py - 285 - B,34663.1,36000,2,0
2024-09-18 00:30:43,011 - INFO - Stategy_Fibo copy.py - 751 - betcount  41
2024-09-18 00:31:41,806 - INFO - Stategy_Fibo copy.py - 285 - B,34563.1,36000,3,0
2024-09-18 00:31:45,245 - INFO - Stategy_Fibo copy.py - 751 - betcount  42
2024-09-18 00:32:38,449 - INFO - Stategy_Fibo copy.py - 271 - A,34413.1,36000,4,0
2024-09-18 00:32:41,857 - INFO - Stategy_Fibo copy.py - 751 - betcount  43
2024-09-18 00:33:24,117 - INFO - Stategy_Fibo copy.py - 271 - A,34650.6,36000,2,1
2024-09-18 00:33:27,497 - INFO - Stategy_Fibo copy.py - 751 - betcount  44
2024-09-18 00:35:10,449 - INFO - Stategy_Fibo copy.py - 271 - A,34745.6,36000,0,2
2024-09-18 00:35:13,858 - INFO - Stategy_Fibo copy.py - 751 - betcount  46
2024-09-18 00:35:55,729 - INFO - Stategy_Fibo copy.py - 271 - A,34793.1,36000,0,3
2024-09-18 00:35:59,128 - INFO - Stategy_Fibo copy.py - 751 - betcount  47
2024-09-18 00:36:46,491 - INFO - Stategy_Fibo copy.py - 271 - A,34840.6,36000,0,4
2024-09-18 00:36:49,923 - INFO - Stategy_Fibo copy.py - 751 - betcount  48
2024-09-18 00:37:32,737 - INFO - Stategy_Fibo copy.py - 271 - A,34888.1,36000,0,5
2024-09-18 00:37:36,122 - INFO - Stategy_Fibo copy.py - 751 - betcount  49
2024-09-18 00:39:15,938 - INFO - Stategy_Fibo copy.py - 271 - A,34935.6,36000,0,6
2024-09-18 00:39:19,366 - INFO - Stategy_Fibo copy.py - 751 - betcount  51
2024-09-18 00:39:58,942 - INFO - Stategy_Fibo copy.py - 285 - B,34935.6,36000,1,0
2024-09-18 00:40:02,385 - INFO - Stategy_Fibo copy.py - 751 - betcount  52
2024-09-18 00:40:44,969 - INFO - Stategy_Fibo copy.py - 271 - A,34785.6,36000,2,0
2024-09-18 00:40:48,458 - INFO - Stategy_Fibo copy.py - 751 - betcount  53
2024-09-18 00:41:37,480 - INFO - Stategy_Fibo copy.py - 271 - A,34880.6,36000,0,1
2024-09-18 00:41:40,889 - INFO - Stategy_Fibo copy.py - 751 - betcount  54
2024-09-18 00:43:17,925 - INFO - Stategy_Fibo copy.py - 271 - A,34928.1,36000,0,2
2024-09-18 00:43:21,344 - INFO - Stategy_Fibo copy.py - 751 - betcount  56
2024-09-18 00:43:58,529 - INFO - Stategy_Fibo copy.py - 271 - A,34928.1,36000,0,3
2024-09-18 00:44:01,948 - INFO - Stategy_Fibo copy.py - 751 - betcount  57
2024-09-18 00:44:37,858 - INFO - Stategy_Fibo copy.py - 426 - new target check  length: 4
2024-09-18 00:45:26,962 - INFO - Stategy_Fibo copy.py - 426 - new target check  length: 4
2024-09-18 00:46:17,421 - INFO - Stategy_Fibo copy.py - 426 - new target check  length: 4
2024-09-18 00:47:22,157 - INFO - Stategy_Fibo copy.py - 285 - B,34975.6,36000,0,0
2024-09-18 00:47:25,657 - INFO - Stategy_Fibo copy.py - 751 - betcount  61
2024-09-18 00:48:16,066 - INFO - Stategy_Fibo copy.py - 285 - B,35070.6,36000,0,1
2024-09-18 00:48:19,457 - INFO - Stategy_Fibo copy.py - 751 - betcount  62
2024-09-18 00:49:09,731 - INFO - Stategy_Fibo copy.py - 271 - A,35020.6,36000,1,0
2024-09-18 00:49:13,125 - INFO - Stategy_Fibo copy.py - 751 - betcount  63
2024-09-18 00:49:55,322 - INFO - Stategy_Fibo copy.py - 271 - A,34920.6,36000,2,0
2024-09-18 00:49:58,774 - INFO - Stategy_Fibo copy.py - 751 - betcount  64
2024-09-18 00:51:41,848 - INFO - Stategy_Fibo copy.py - 285 - B,35015.6,36000,0,1
2024-09-18 00:51:45,279 - INFO - Stategy_Fibo copy.py - 751 - betcount  66
2024-09-18 00:52:25,757 - INFO - Stategy_Fibo copy.py - 285 - B,35015.6,36000,0,2
2024-09-18 00:52:29,282 - INFO - Stategy_Fibo copy.py - 751 - betcount  67
2024-09-18 00:53:11,560 - INFO - Stategy_Fibo copy.py - 285 - B,35110.6,36000,0,3
2024-09-18 00:53:14,987 - INFO - Stategy_Fibo copy.py - 751 - betcount  68
2024-09-18 00:53:45,744 - INFO - Stategy_Fibo copy.py - 426 - new target check  length: 4
2024-09-18 00:54:33,130 - INFO - Stategy_Fibo copy.py - 426 - new target check  length: 4
2024-09-18 00:55:29,843 - INFO - Stategy_Fibo copy.py - 285 - B,35158.1,36000,0,0
2024-09-18 00:55:33,245 - INFO - Stategy_Fibo copy.py - 751 - betcount  71
2024-09-18 00:56:21,654 - INFO - Stategy_Fibo copy.py - 285 - B,35108.1,36000,1,0
2024-09-18 00:56:25,093 - INFO - Stategy_Fibo copy.py - 751 - betcount  72
2024-09-18 00:57:05,179 - INFO - Stategy_Fibo copy.py - 271 - A,35108.1,36000,1,1
2024-09-18 00:57:08,591 - INFO - Stategy_Fibo copy.py - 751 - betcount  73
2024-09-18 00:57:49,759 - INFO - Stategy_Fibo copy.py - 271 - A,35250.6,36000,1,2
2024-09-18 00:57:53,170 - INFO - Stategy_Fibo copy.py - 751 - betcount  74
2024-09-18 00:59:27,542 - INFO - Stategy_Fibo copy.py - 285 - B,35200.6,36000,2,0
2024-09-18 00:59:30,976 - INFO - Stategy_Fibo copy.py - 751 - betcount  76
2024-09-18 01:00:12,603 - INFO - Stategy_Fibo copy.py - 285 - B,35295.6,36000,0,1
2024-09-18 01:00:15,979 - INFO - Stategy_Fibo copy.py - 751 - betcount  77
2024-09-18 01:00:45,881 - INFO - Stategy_Fibo copy.py - 426 - new target check  length: 4
2024-09-18 01:01:32,167 - INFO - Stategy_Fibo copy.py - 426 - new target check  length: 4
2024-09-18 01:02:18,408 - INFO - Stategy_Fibo copy.py - 426 - new target check  length: 4
2024-09-18 01:03:19,135 - INFO - Stategy_Fibo copy.py - 285 - B,35343.1,36000,0,0
2024-09-18 01:03:22,553 - INFO - Stategy_Fibo copy.py - 751 - betcount  81
2024-09-18 01:04:03,394 - INFO - Stategy_Fibo copy.py - 285 - B,35293.1,36000,1,0
2024-09-18 01:04:06,861 - INFO - Stategy_Fibo copy.py - 751 - betcount  82
2024-09-18 01:04:50,716 - INFO - Stategy_Fibo copy.py - 285 - B,35193.1,36000,2,0
2024-09-18 01:04:54,187 - INFO - Stategy_Fibo copy.py - 751 - betcount  83
2024-09-18 01:05:37,284 - INFO - Stategy_Fibo copy.py - 271 - A,35093.1,36000,3,0
2024-09-18 01:05:40,697 - INFO - Stategy_Fibo copy.py - 751 - betcount  84
2024-09-18 01:07:14,756 - INFO - Stategy_Fibo copy.py - 271 - A,35235.6,36000,1,1
2024-09-18 01:07:18,204 - INFO - Stategy_Fibo copy.py - 751 - betcount  86
2024-09-18 01:07:58,683 - INFO - Stategy_Fibo copy.py - 285 - B,35185.6,36000,2,0
2024-09-18 01:08:02,112 - INFO - Stategy_Fibo copy.py - 751 - betcount  87
2024-09-18 01:08:45,773 - INFO - Stategy_Fibo copy.py - 271 - A,35280.6,36000,0,1
2024-09-18 01:08:49,218 - INFO - Stategy_Fibo copy.py - 751 - betcount  88
2024-09-18 01:09:33,606 - INFO - Stategy_Fibo copy.py - 271 - A,35328.1,36000,0,2
2024-09-18 01:09:37,048 - INFO - Stategy_Fibo copy.py - 751 - betcount  89
2024-09-18 01:11:27,568 - INFO - Stategy_Fibo copy.py - 271 - A,35375.6,36000,0,3
2024-09-18 01:11:31,001 - INFO - Stategy_Fibo copy.py - 751 - betcount  91
2024-09-18 01:12:07,702 - INFO - Stategy_Fibo copy.py - 285 - B,35375.6,36000,1,0
2024-09-18 01:12:11,105 - INFO - Stategy_Fibo copy.py - 751 - betcount  92
2024-09-18 01:12:55,753 - INFO - Stategy_Fibo copy.py - 271 - A,35325.6,36000,1,0
2024-09-18 01:12:59,186 - INFO - Stategy_Fibo copy.py - 751 - betcount  93
2024-09-18 01:13:43,482 - INFO - Stategy_Fibo copy.py - 271 - A,35225.6,36000,2,0
2024-09-18 01:13:46,910 - INFO - Stategy_Fibo copy.py - 751 - betcount  94
2024-09-18 01:15:20,510 - INFO - Stategy_Fibo copy.py - 285 - B,35320.6,36000,0,1
2024-09-18 01:15:23,985 - INFO - Stategy_Fibo copy.py - 751 - betcount  96
2024-09-18 01:16:01,156 - INFO - Stategy_Fibo copy.py - 285 - B,35320.6,36000,0,2
2024-09-18 01:16:04,545 - INFO - Stategy_Fibo copy.py - 751 - betcount  97
2024-09-18 01:16:43,703 - INFO - Stategy_Fibo copy.py - 271 - A,35318.1,36000,1,0
2024-09-18 01:16:47,098 - INFO - Stategy_Fibo copy.py - 751 - betcount  98
2024-09-18 01:17:33,339 - INFO - Stategy_Fibo copy.py - 271 - A,35218.1,36000,2,0
2024-09-18 01:17:36,719 - INFO - Stategy_Fibo copy.py - 751 - betcount  99
2024-09-18 01:19:07,946 - INFO - Stategy_Fibo copy.py - 285 - B,35118.1,36000,3,0
2024-09-18 01:19:11,413 - INFO - Stategy_Fibo copy.py - 751 - betcount  101
2024-09-18 01:19:50,114 - INFO - Stategy_Fibo copy.py - 285 - B,35118.1,36000,1,1
2024-09-18 01:19:53,573 - INFO - Stategy_Fibo copy.py - 751 - betcount  102
2024-09-18 01:20:37,441 - INFO - Stategy_Fibo copy.py - 271 - A,35210.6,36000,2,0
2024-09-18 01:20:40,901 - INFO - Stategy_Fibo copy.py - 751 - betcount  103
2024-09-18 01:21:21,903 - INFO - Stategy_Fibo copy.py - 271 - A,35210.6,36000,3,0
2024-09-18 01:21:26,100 - INFO - Stategy_Fibo copy.py - 751 - betcount  104
2024-09-18 01:22:54,998 - INFO - Stategy_Fibo copy.py - 271 - A,34960.6,36000,4,0
2024-09-18 01:22:58,392 - INFO - Stategy_Fibo copy.py - 751 - betcount  106
2024-09-18 01:23:39,088 - INFO - Stategy_Fibo copy.py - 271 - A,34960.6,36000,5,0
2024-09-18 01:23:42,484 - INFO - Stategy_Fibo copy.py - 751 - betcount  107
2024-09-18 01:24:23,909 - INFO - Stategy_Fibo copy.py - 271 - A,35090.6,36000,3,1
2024-09-18 01:24:27,304 - INFO - Stategy_Fibo copy.py - 751 - betcount  108
2024-09-18 01:25:10,578 - INFO - Stategy_Fibo copy.py - 285 - B,34940.6,36000,4,0
2024-09-18 01:25:13,974 - INFO - Stategy_Fibo copy.py - 751 - betcount  109
