2024-10-05 04:26:17,662 - INFO - Stategy_Fibo copy.py - 404 - Starting value: 6403.64
2024-10-05 04:26:17,662 - INFO - Stategy_Fibo copy.py - 405 - Target amount: 10000
2024-10-05 04:26:17,662 - INFO - Stategy_Fibo copy.py - 406 - Betted On,CurrentValue,TargetAmt,Losscount,Wincount
2024-10-05 04:26:26,800 - INFO - Stategy_Fibo copy.py - 282 - A,6403.64,10000,0,0
2024-10-05 04:26:30,273 - INFO - Stategy_Fibo copy.py - 769 - Checking Bet history []
2024-10-05 04:30:27,231 - INFO - Stategy_Fibo copy.py - 282 - A,6451.14,10000,0,0
2024-10-05 04:30:30,713 - INFO - Stategy_Fibo copy.py - 769 - Checking Bet history []
2024-10-05 04:31:16,947 - INFO - Stategy_Fibo copy.py - 296 - B,6401.14,10000,1,0
2024-10-05 04:31:20,435 - INFO - Stategy_Fibo copy.py - 769 - Checking Bet history ['B']
2024-10-05 04:32:05,799 - INFO - Stategy_Fibo copy.py - 282 - A,6448.64,10000,0,1
2024-10-05 04:32:09,288 - INFO - Stategy_Fibo copy.py - 769 - Checking Bet history ['B', 'B']
2024-10-05 04:32:53,031 - INFO - Stategy_Fibo copy.py - 282 - A,6398.64,10000,1,0
2024-10-05 04:32:56,526 - INFO - Stategy_Fibo copy.py - 769 - Checking Bet history ['B', 'B', 'B']
2024-10-05 04:34:31,720 - INFO - Stategy_Fibo copy.py - 282 - A,6348.64,10000,2,1
2024-10-05 04:34:35,200 - INFO - Stategy_Fibo copy.py - 769 - Checking Bet history []
2024-10-05 04:35:15,929 - INFO - Stategy_Fibo copy.py - 296 - B,6248.64,10000,3,0
2024-10-05 04:35:19,402 - INFO - Stategy_Fibo copy.py - 769 - Checking Bet history ['B']
2024-10-05 04:36:03,699 - INFO - Stategy_Fibo copy.py - 282 - A,6098.64,10000,4,0
2024-10-05 04:36:07,176 - INFO - Stategy_Fibo copy.py - 769 - Checking Bet history ['B', 'A']
2024-10-05 04:36:49,009 - INFO - Stategy_Fibo copy.py - 282 - A,6336.14,10000,2,1
2024-10-05 04:36:52,497 - INFO - Stategy_Fibo copy.py - 769 - Checking Bet history ['B', 'A', 'A']
2024-10-05 04:38:23,570 - INFO - Stategy_Fibo copy.py - 282 - A,6431.14,10000,0,0
2024-10-05 04:38:27,055 - INFO - Stategy_Fibo copy.py - 769 - Checking Bet history []
2024-10-05 04:42:19,039 - INFO - Stategy_Fibo copy.py - 282 - A,6478.64,10000,0,0
2024-10-05 04:42:22,517 - INFO - Stategy_Fibo copy.py - 769 - Checking Bet history []
2024-10-05 04:46:18,338 - INFO - Stategy_Fibo copy.py - 282 - A,6526.14,10000,0,0
2024-10-05 04:46:21,956 - INFO - Stategy_Fibo copy.py - 769 - Checking Bet history []
2024-10-05 04:47:06,572 - INFO - Stategy_Fibo copy.py - 296 - B,6476.14,10000,1,0
2024-10-05 04:47:10,203 - INFO - Stategy_Fibo copy.py - 769 - Checking Bet history ['B']
2024-10-05 04:47:52,603 - INFO - Stategy_Fibo copy.py - 282 - A,6426.14,10000,2,0
2024-10-05 04:47:56,206 - INFO - Stategy_Fibo copy.py - 769 - Checking Bet history ['B', 'A']
2024-10-05 04:48:38,591 - INFO - Stategy_Fibo copy.py - 282 - A,6521.14,10000,0,1
2024-10-05 04:48:42,228 - INFO - Stategy_Fibo copy.py - 769 - Checking Bet history ['B', 'A', 'A']
2024-10-05 04:50:14,820 - INFO - Stategy_Fibo copy.py - 282 - A,6568.64,10000,0,0
2024-10-05 04:50:18,448 - INFO - Stategy_Fibo copy.py - 769 - Checking Bet history []
2024-10-05 04:51:15,250 - INFO - Stategy_Fibo copy.py - 296 - B,6518.64,10000,1,0
2024-10-05 04:51:18,875 - INFO - Stategy_Fibo copy.py - 769 - Checking Bet history ['B']
2024-10-05 04:52:00,678 - INFO - Stategy_Fibo copy.py - 282 - A,6566.14,10000,0,1
2024-10-05 04:52:04,299 - INFO - Stategy_Fibo copy.py - 769 - Checking Bet history ['B', 'B']
2024-10-05 04:52:50,722 - INFO - Stategy_Fibo copy.py - 282 - A,6516.14,10000,1,0
2024-10-05 04:52:54,333 - INFO - Stategy_Fibo copy.py - 769 - Checking Bet history ['B', 'B', 'B']
2024-10-05 04:54:32,391 - INFO - Stategy_Fibo copy.py - 296 - B,6563.64,10000,0,1
2024-10-05 04:54:36,029 - INFO - Stategy_Fibo copy.py - 769 - Checking Bet history []
2024-10-05 04:55:18,847 - INFO - Stategy_Fibo copy.py - 296 - B,6513.64,10000,1,0
2024-10-05 04:55:22,483 - INFO - Stategy_Fibo copy.py - 769 - Checking Bet history ['A']
2024-10-05 04:56:06,378 - INFO - Stategy_Fibo copy.py - 282 - A,6561.14,10000,0,1
2024-10-05 04:56:10,021 - INFO - Stategy_Fibo copy.py - 769 - Checking Bet history ['A', 'B']
2024-10-05 04:58:28,386 - INFO - Stategy_Fibo copy.py - 296 - B,6608.64,10000,0,0
2024-10-05 04:58:32,000 - INFO - Stategy_Fibo copy.py - 769 - Checking Bet history []
2024-10-05 04:59:18,464 - INFO - Stategy_Fibo copy.py - 296 - B,6558.64,10000,1,0
2024-10-05 04:59:22,085 - INFO - Stategy_Fibo copy.py - 769 - Checking Bet history ['A']
2024-10-05 05:00:01,036 - INFO - Stategy_Fibo copy.py - 282 - A,6606.14,10000,0,1
2024-10-05 05:00:04,673 - INFO - Stategy_Fibo copy.py - 769 - Checking Bet history ['A', 'B']
2024-10-05 05:02:25,407 - INFO - Stategy_Fibo copy.py - 282 - A,6653.64,10000,0,0
2024-10-05 05:02:29,032 - INFO - Stategy_Fibo copy.py - 769 - Checking Bet history []
2024-10-05 05:06:26,047 - INFO - Stategy_Fibo copy.py - 282 - A,6701.14,10000,0,0
2024-10-05 05:06:29,683 - INFO - Stategy_Fibo copy.py - 769 - Checking Bet history []
2024-10-05 05:07:19,071 - INFO - Stategy_Fibo copy.py - 296 - B,6651.14,10000,1,0
2024-10-05 05:07:22,699 - INFO - Stategy_Fibo copy.py - 769 - Checking Bet history ['B']
2024-10-05 05:08:05,956 - INFO - Stategy_Fibo copy.py - 282 - A,6698.64,10000,0,1
2024-10-05 05:08:09,576 - INFO - Stategy_Fibo copy.py - 769 - Checking Bet history ['B', 'B']
2024-10-05 05:10:32,117 - INFO - Stategy_Fibo copy.py - 282 - A,6746.14,10000,0,0
2024-10-05 05:10:35,759 - INFO - Stategy_Fibo copy.py - 769 - Checking Bet history []
2024-10-05 05:11:27,129 - INFO - Stategy_Fibo copy.py - 296 - B,6696.14,10000,1,0
2024-10-05 05:11:30,741 - INFO - Stategy_Fibo copy.py - 769 - Checking Bet history ['B']
2024-10-05 05:12:19,534 - INFO - Stategy_Fibo copy.py - 282 - A,6646.14,10000,2,0
2024-10-05 05:12:23,130 - INFO - Stategy_Fibo copy.py - 769 - Checking Bet history ['B', 'A']
2024-10-05 05:13:09,159 - INFO - Stategy_Fibo copy.py - 282 - A,6741.14,10000,0,1
2024-10-05 05:13:12,800 - INFO - Stategy_Fibo copy.py - 769 - Checking Bet history ['B', 'A', 'A']
2024-10-05 05:14:49,480 - INFO - Stategy_Fibo copy.py - 296 - B,6691.14,10000,1,1
2024-10-05 05:14:53,105 - INFO - Stategy_Fibo copy.py - 769 - Checking Bet history []
2024-10-05 05:15:31,678 - INFO - Stategy_Fibo copy.py - 296 - B,6738.64,10000,0,2
2024-10-05 05:15:35,312 - INFO - Stategy_Fibo copy.py - 769 - Checking Bet history ['B']
2024-10-05 05:16:20,513 - INFO - Stategy_Fibo copy.py - 282 - A,6688.64,10000,1,0
2024-10-05 05:16:24,146 - INFO - Stategy_Fibo copy.py - 769 - Checking Bet history ['B', 'A']
2024-10-05 05:17:09,282 - INFO - Stategy_Fibo copy.py - 282 - A,6736.14,10000,0,1
2024-10-05 05:17:12,887 - INFO - Stategy_Fibo copy.py - 769 - Checking Bet history ['B', 'A', 'A']
