2024-09-19 01:46:11,221 - INFO - Stategy_Fibo copy.py - 392 - Starting value: 36626.6
2024-09-19 01:46:11,221 - INFO - Stategy_Fibo copy.py - 393 - Target amount: 37100
2024-09-19 01:46:11,221 - INFO - Stategy_Fibo copy.py - 394 - Betted On,CurrentValue,TargetAmt,Losscount,Wincount
2024-09-19 01:46:22,399 - INFO - Stategy_Fibo copy.py - 285 - B,36626.6,37100,0,0
2024-09-19 01:46:25,798 - INFO - Stategy_Fibo copy.py - 756 - Checking Bet history []
2024-09-19 01:47:05,526 - INFO - Stategy_Fibo copy.py - 285 - B,36576.6,37100,1,0
2024-09-19 01:47:08,913 - INFO - Stategy_Fibo copy.py - 756 - Checking Bet history ['A']
2024-09-19 01:47:55,900 - INFO - Stategy_Fibo copy.py - 285 - B,36476.6,37100,2,0
2024-09-19 01:47:59,285 - INFO - Stategy_Fibo copy.py - 756 - Checking Bet history ['A', 'A']
2024-09-19 01:48:38,515 - INFO - Stategy_Fibo copy.py - 285 - B,36571.6,37100,0,1
2024-09-19 01:48:41,913 - INFO - Stategy_Fibo copy.py - 756 - Checking Bet history ['A', 'A', 'B']
2024-09-19 01:50:32,332 - INFO - Stategy_Fibo copy.py - 285 - B,36619.1,37100,0,2
2024-09-19 01:50:35,724 - INFO - Stategy_Fibo copy.py - 756 - Checking Bet history ['A', 'B', 'B', 'A']
2024-09-19 01:51:13,900 - INFO - Stategy_Fibo copy.py - 271 - A,36619.1,37100,0,3
2024-09-19 01:51:17,291 - INFO - Stategy_Fibo copy.py - 756 - Checking Bet history ['B', 'B', 'A', 'B']
2024-09-19 01:52:04,893 - INFO - Stategy_Fibo copy.py - 271 - A,36616.6,37100,1,0
2024-09-19 01:52:08,283 - INFO - Stategy_Fibo copy.py - 756 - Checking Bet history ['B', 'A', 'B', 'B']
2024-09-19 01:52:49,785 - INFO - Stategy_Fibo copy.py - 271 - A,36616.6,37100,1,0
2024-09-19 01:52:53,181 - INFO - Stategy_Fibo copy.py - 756 - Checking Bet history ['B', 'A', 'B', 'B']
2024-09-19 01:54:28,880 - INFO - Stategy_Fibo copy.py - 285 - B,36711.6,37100,1,1
2024-09-19 01:54:32,263 - INFO - Stategy_Fibo copy.py - 756 - Checking Bet history ['B', 'B', 'A', 'A']
2024-09-19 01:55:14,241 - INFO - Stategy_Fibo copy.py - 285 - B,36759.1,37100,1,2
2024-09-19 01:55:17,629 - INFO - Stategy_Fibo copy.py - 756 - Checking Bet history ['B', 'A', 'A', 'B']
2024-09-19 01:55:45,829 - INFO - Stategy_Fibo copy.py - 426 - new target check  length: 4
2024-09-19 01:56:31,790 - INFO - Stategy_Fibo copy.py - 426 - new target check  length: 4
2024-09-19 01:57:20,809 - INFO - Stategy_Fibo copy.py - 426 - new target check  length: 4
2024-09-19 01:58:19,635 - INFO - Stategy_Fibo copy.py - 285 - B,36806.6,37100,0,0
2024-09-19 01:58:23,040 - INFO - Stategy_Fibo copy.py - 756 - Checking Bet history []
2024-09-19 01:59:08,966 - INFO - Stategy_Fibo copy.py - 285 - B,36854.1,37100,0,1
2024-09-19 01:59:12,362 - INFO - Stategy_Fibo copy.py - 756 - Checking Bet history ['B']
2024-09-19 01:59:52,319 - INFO - Stategy_Fibo copy.py - 271 - A,36901.6,37100,0,2
2024-09-19 01:59:55,715 - INFO - Stategy_Fibo copy.py - 756 - Checking Bet history ['B', 'B']
2024-09-19 02:00:41,427 - INFO - Stategy_Fibo copy.py - 271 - A,36851.6,37100,1,0
2024-09-19 02:00:44,822 - INFO - Stategy_Fibo copy.py - 756 - Checking Bet history ['B', 'B', 'B']
2024-09-19 02:02:17,803 - INFO - Stategy_Fibo copy.py - 285 - B,36946.6,37100,1,1
2024-09-19 02:02:21,207 - INFO - Stategy_Fibo copy.py - 756 - Checking Bet history ['B', 'B', 'A', 'A']
