2024-09-23 23:25:30,080 - INFO - Stategy_Fibo copy.py - 406 - Starting value: 50286.3
2024-09-23 23:25:30,080 - INFO - Stategy_Fibo copy.py - 407 - Target amount: 55000
2024-09-23 23:25:30,081 - INFO - Stategy_Fibo copy.py - 408 - Betted On,CurrentValue,TargetAmt,Losscount,Wincount
2024-09-23 23:25:55,462 - INFO - Stategy_Fibo copy.py - 299 - B,50286.3,55000,0,0
2024-09-23 23:25:58,854 - INFO - Stategy_Fibo copy.py - 756 - Checking Bet history []
2024-09-23 23:29:58,073 - INFO - Stategy_Fibo copy.py - 299 - B,50761.3,55000,0,0
2024-09-23 23:30:01,522 - INFO - Stategy_Fibo copy.py - 756 - Checking Bet history []
2024-09-23 23:30:45,792 - INFO - Stategy_Fibo copy.py - 299 - B,50261.3,55000,1,0
2024-09-23 23:30:49,174 - INFO - Stategy_Fibo copy.py - 756 - Checking Bet history ['A']
2024-09-23 23:34:25,001 - INFO - Stategy_Fibo copy.py - 299 - B,51211.3,55000,0,0
2024-09-23 23:34:28,410 - INFO - Stategy_Fibo copy.py - 756 - Checking Bet history []
2024-09-23 23:35:18,957 - INFO - Stategy_Fibo copy.py - 299 - B,50711.3,55000,1,0
2024-09-23 23:35:22,347 - INFO - Stategy_Fibo copy.py - 756 - Checking Bet history ['A']
2024-09-23 23:36:06,689 - INFO - Stategy_Fibo copy.py - 299 - B,49711.3,55000,2,0
2024-09-23 23:36:10,067 - INFO - Stategy_Fibo copy.py - 756 - Checking Bet history ['A', 'A']
2024-09-23 23:37:00,357 - INFO - Stategy_Fibo copy.py - 299 - B,50661.3,55000,0,1
2024-09-23 23:37:03,755 - INFO - Stategy_Fibo copy.py - 756 - Checking Bet history ['A', 'A', 'B']
2024-09-23 23:38:48,337 - INFO - Stategy_Fibo copy.py - 299 - B,50161.3,55000,1,0
2024-09-23 23:38:51,728 - INFO - Stategy_Fibo copy.py - 756 - Checking Bet history ['A', 'B', 'A', 'A']
2024-09-23 23:39:35,794 - INFO - Stategy_Fibo copy.py - 299 - B,51111.3,55000,1,1
2024-09-23 23:39:39,179 - INFO - Stategy_Fibo copy.py - 756 - Checking Bet history ['B', 'A', 'A', 'B']
2024-09-23 23:43:01,437 - INFO - Stategy_Fibo copy.py - 299 - B,51586.3,55000,0,0
2024-09-23 23:43:04,830 - INFO - Stategy_Fibo copy.py - 756 - Checking Bet history []
2024-09-23 23:47:30,169 - INFO - Stategy_Fibo copy.py - 299 - B,52061.3,55000,0,0
2024-09-23 23:47:33,538 - INFO - Stategy_Fibo copy.py - 756 - Checking Bet history []
2024-09-23 23:48:25,706 - INFO - Stategy_Fibo copy.py - 299 - B,51561.3,55000,1,0
2024-09-23 23:48:29,072 - INFO - Stategy_Fibo copy.py - 756 - Checking Bet history ['A']
2024-09-23 23:49:16,714 - INFO - Stategy_Fibo copy.py - 299 - B,50561.3,55000,2,0
2024-09-23 23:49:20,093 - INFO - Stategy_Fibo copy.py - 756 - Checking Bet history ['A', 'A']
2024-09-23 23:50:04,763 - INFO - Stategy_Fibo copy.py - 285 - A,49561.3,55000,3,0
2024-09-23 23:50:08,131 - INFO - Stategy_Fibo copy.py - 756 - Checking Bet history ['A', 'A', 'A']
2024-09-23 23:52:00,235 - INFO - Stategy_Fibo copy.py - 299 - B,48061.3,55000,4,0
2024-09-23 23:52:03,602 - INFO - Stategy_Fibo copy.py - 756 - Checking Bet history ['A', 'A', 'B', 'B']
2024-09-23 23:52:41,518 - INFO - Stategy_Fibo copy.py - 299 - B,45561.3,55000,5,0
2024-09-23 23:52:44,891 - INFO - Stategy_Fibo copy.py - 756 - Checking Bet history ['A', 'B', 'B', 'A']
2024-09-23 23:53:32,597 - INFO - Stategy_Fibo copy.py - 299 - B,41561.3,55000,6,0
2024-09-23 23:53:35,963 - INFO - Stategy_Fibo copy.py - 756 - Checking Bet history ['B', 'B', 'A', 'A']
2024-09-23 23:54:24,485 - INFO - Stategy_Fibo copy.py - 285 - A,35061.3,55000,7,0
2024-09-23 23:54:27,847 - INFO - Stategy_Fibo copy.py - 756 - Checking Bet history ['B', 'A', 'A', 'A']
2024-09-23 23:55:05,638 - ERROR - Stategy_Fibo copy.py - 778 - An error occurred in the main function: float() argument must be a string or a real number, not 'NoneType'
Traceback (most recent call last):
  File "d:\Kaushal\Playground\Omnitrix\Omnitrix\Stategy_Fibo copy.py", line 413, in <module>
    startingvaluefinal=float(extract_numbers(current_txt))
                       ^^^^^^^^^^^^^^^^^^^^^^^^^^^^^^^^^^^
TypeError: float() argument must be a string or a real number, not 'NoneType'
