2024-09-22 19:43:09,348 - INFO - Stategy_Fibo copy.py - 406 - Starting value: 18065.86
2024-09-22 19:43:09,353 - INFO - Stategy_Fibo copy.py - 407 - Target amount: 25000
2024-09-22 19:43:09,353 - INFO - Stategy_Fibo copy.py - 408 - Betted On,CurrentValue,TargetAmt,Losscount,Wincount
2024-09-22 19:43:22,565 - INFO - Stategy_Fibo copy.py - 299 - B,18065.86,25000,0,0
2024-09-22 19:43:25,961 - INFO - Stategy_Fibo copy.py - 747 - Checking Bet history []
2024-09-22 19:44:02,223 - INFO - Stategy_Fibo copy.py - 299 - B,18065.86,25000,1,0
2024-09-22 19:44:05,613 - INFO - Stategy_Fibo copy.py - 747 - Checking Bet history ['A']
2024-09-22 19:47:02,927 - INFO - Stategy_Fibo copy.py - 299 - B,18515.86,25000,0,0
2024-09-22 19:47:06,298 - INFO - Stategy_Fibo copy.py - 747 - Checking Bet history []
2024-09-22 19:51:14,029 - INFO - Stategy_Fibo copy.py - 299 - B,18990.86,25000,0,0
2024-09-22 19:51:17,406 - INFO - Stategy_Fibo copy.py - 747 - Checking Bet history []
2024-09-22 19:52:07,544 - INFO - Stategy_Fibo copy.py - 299 - B,18499.86,25000,1,0
2024-09-22 19:52:10,924 - INFO - Stategy_Fibo copy.py - 747 - Checking Bet history ['A']
2024-09-22 19:52:56,139 - INFO - Stategy_Fibo copy.py - 299 - B,17499.86,25000,2,0
2024-09-22 19:52:59,529 - INFO - Stategy_Fibo copy.py - 747 - Checking Bet history ['A', 'A']
2024-09-22 19:53:43,313 - INFO - Stategy_Fibo copy.py - 285 - A,16499.86,25000,3,0
2024-09-22 19:53:46,700 - INFO - Stategy_Fibo copy.py - 747 - Checking Bet history ['A', 'A', 'A']
2024-09-22 19:55:29,636 - INFO - Stategy_Fibo copy.py - 299 - B,14999.86,25000,4,0
2024-09-22 19:55:33,021 - INFO - Stategy_Fibo copy.py - 747 - Checking Bet history ['A', 'A', 'B', 'A']
2024-09-22 19:56:17,649 - INFO - Stategy_Fibo copy.py - 299 - B,12499.86,25000,5,0
2024-09-22 19:56:21,026 - INFO - Stategy_Fibo copy.py - 747 - Checking Bet history ['A', 'B', 'A', 'A']
