2024-09-19 09:27:03,801 - INFO - Stategy_Fibo copy.py - 392 - Starting value: 36896.6
2024-09-19 09:27:03,801 - INFO - Stategy_Fibo copy.py - 393 - Target amount: 37400
2024-09-19 09:27:03,801 - INFO - Stategy_Fibo copy.py - 394 - Betted On,CurrentValue,TargetAmt,Losscount,Wincount
2024-09-19 09:27:31,210 - INFO - Stategy_Fibo copy.py - 285 - B,36896.6,37400,0,0
2024-09-19 09:27:34,620 - INFO - Stategy_Fibo copy.py - 756 - Checking Bet history []
2024-09-19 09:28:18,802 - INFO - Stategy_Fibo copy.py - 285 - B,36944.1,37400,0,1
2024-09-19 09:28:22,251 - INFO - Stategy_Fibo copy.py - 756 - Checking Bet history ['B']
2024-09-19 09:29:04,712 - INFO - Stategy_Fibo copy.py - 271 - A,36894.1,37400,1,0
2024-09-19 09:29:08,165 - INFO - Stategy_Fibo copy.py - 756 - Checking Bet history ['B', 'A']
2024-09-19 09:29:47,247 - INFO - Stategy_Fibo copy.py - 271 - A,36794.1,37400,2,0
2024-09-19 09:29:50,831 - INFO - Stategy_Fibo copy.py - 756 - Checking Bet history ['B', 'A', 'B']
2024-09-19 09:31:39,023 - INFO - Stategy_Fibo copy.py - 285 - B,36694.1,37400,3,0
2024-09-19 09:31:42,458 - INFO - Stategy_Fibo copy.py - 756 - Checking Bet history ['A', 'B', 'B', 'B']
2024-09-19 09:32:28,142 - INFO - Stategy_Fibo copy.py - 285 - B,36836.6,37400,1,1
2024-09-19 09:32:31,541 - INFO - Stategy_Fibo copy.py - 756 - Checking Bet history ['B', 'B', 'B', 'B']
2024-09-19 09:33:13,993 - INFO - Stategy_Fibo copy.py - 271 - A,36786.6,37400,2,0
2024-09-19 09:33:17,419 - INFO - Stategy_Fibo copy.py - 756 - Checking Bet history ['B', 'B', 'B', 'A']
2024-09-19 09:34:08,877 - INFO - Stategy_Fibo copy.py - 271 - A,36881.6,37400,0,1
2024-09-19 09:34:12,366 - INFO - Stategy_Fibo copy.py - 756 - Checking Bet history ['B', 'B', 'A', 'A']
2024-09-19 09:35:50,319 - INFO - Stategy_Fibo copy.py - 271 - A,36929.1,37400,0,2
2024-09-19 09:35:53,739 - INFO - Stategy_Fibo copy.py - 756 - Checking Bet history ['A', 'A', 'A', 'A']
2024-09-19 09:36:36,935 - INFO - Stategy_Fibo copy.py - 271 - A,36976.6,37400,0,3
2024-09-19 09:36:40,354 - INFO - Stategy_Fibo copy.py - 756 - Checking Bet history ['A', 'A', 'A', 'A']
2024-09-19 09:37:30,442 - INFO - Stategy_Fibo copy.py - 271 - A,36926.6,37400,1,0
2024-09-19 09:37:33,897 - INFO - Stategy_Fibo copy.py - 756 - Checking Bet history ['A', 'A', 'A', 'B']
2024-09-19 09:38:16,115 - INFO - Stategy_Fibo copy.py - 271 - A,36826.6,37400,2,0
2024-09-19 09:38:19,569 - INFO - Stategy_Fibo copy.py - 756 - Checking Bet history ['A', 'A', 'B', 'B']
2024-09-19 09:40:06,068 - INFO - Stategy_Fibo copy.py - 285 - B,36921.6,37400,0,1
2024-09-19 09:40:09,498 - INFO - Stategy_Fibo copy.py - 756 - Checking Bet history ['B', 'B', 'A', 'B']
2024-09-19 09:40:49,561 - INFO - Stategy_Fibo copy.py - 285 - B,36871.6,37400,1,0
2024-09-19 09:40:53,026 - INFO - Stategy_Fibo copy.py - 756 - Checking Bet history ['B', 'A', 'B', 'A']
2024-09-19 09:41:44,629 - INFO - Stategy_Fibo copy.py - 271 - A,36966.6,37400,1,1
2024-09-19 09:41:48,068 - INFO - Stategy_Fibo copy.py - 756 - Checking Bet history ['A', 'B', 'A', 'B']
2024-09-19 09:42:32,684 - INFO - Stategy_Fibo copy.py - 271 - A,37014.1,37400,1,2
2024-09-19 09:42:36,113 - INFO - Stategy_Fibo copy.py - 756 - Checking Bet history ['B', 'A', 'B', 'A']
2024-09-19 09:44:15,171 - INFO - Stategy_Fibo copy.py - 285 - B,36964.1,37400,2,0
2024-09-19 09:44:18,567 - INFO - Stategy_Fibo copy.py - 756 - Checking Bet history ['B', 'A', 'B', 'B']
2024-09-19 09:44:47,769 - INFO - Stategy_Fibo copy.py - 426 - new target check  length: 4
2024-09-19 09:45:39,596 - INFO - Stategy_Fibo copy.py - 426 - new target check  length: 4
2024-09-19 09:46:27,941 - INFO - Stategy_Fibo copy.py - 426 - new target check  length: 4
2024-09-19 09:47:17,216 - INFO - Stategy_Fibo copy.py - 426 - new target check  length: 4
2024-09-19 09:48:21,601 - INFO - Stategy_Fibo copy.py - 285 - B,37059.1,37400,0,0
2024-09-19 09:48:24,999 - INFO - Stategy_Fibo copy.py - 756 - Checking Bet history []
2024-09-19 09:49:14,079 - INFO - Stategy_Fibo copy.py - 285 - B,37009.1,37400,1,0
2024-09-19 09:49:17,490 - INFO - Stategy_Fibo copy.py - 756 - Checking Bet history ['A']
2024-09-19 09:50:04,305 - INFO - Stategy_Fibo copy.py - 285 - B,36909.1,37400,2,0
2024-09-19 09:50:07,699 - INFO - Stategy_Fibo copy.py - 756 - Checking Bet history ['A', 'A']
2024-09-19 09:50:48,017 - INFO - Stategy_Fibo copy.py - 271 - A,36909.1,37400,3,0
2024-09-19 09:50:51,453 - INFO - Stategy_Fibo copy.py - 756 - Checking Bet history ['A', 'A', 'A']
2024-09-19 09:52:24,806 - INFO - Stategy_Fibo copy.py - 285 - B,36659.1,37400,4,0
2024-09-19 09:52:28,227 - INFO - Stategy_Fibo copy.py - 756 - Checking Bet history ['A', 'A', 'B', 'A']
2024-09-19 09:53:07,724 - INFO - Stategy_Fibo copy.py - 285 - B,36659.1,37400,5,0
2024-09-19 09:53:11,178 - INFO - Stategy_Fibo copy.py - 756 - Checking Bet history ['A', 'B', 'A', 'A']
2024-09-19 09:53:54,901 - INFO - Stategy_Fibo copy.py - 285 - B,36009.1,37400,6,0
2024-09-19 09:53:58,381 - INFO - Stategy_Fibo copy.py - 756 - Checking Bet history ['B', 'A', 'A', 'A']
2024-09-19 09:54:40,766 - INFO - Stategy_Fibo copy.py - 285 - B,36626.6,37400,4,1
2024-09-19 09:54:44,144 - INFO - Stategy_Fibo copy.py - 756 - Checking Bet history ['A', 'A', 'A', 'B']
2024-09-19 09:56:16,388 - INFO - Stategy_Fibo copy.py - 285 - B,36376.6,37400,5,0
2024-09-19 09:56:19,777 - INFO - Stategy_Fibo copy.py - 756 - Checking Bet history ['A', 'B', 'A', 'B']
2024-09-19 09:57:01,965 - INFO - Stategy_Fibo copy.py - 285 - B,36756.6,37400,3,1
2024-09-19 09:57:05,356 - INFO - Stategy_Fibo copy.py - 756 - Checking Bet history ['B', 'A', 'B', 'B']
2024-09-19 09:57:48,646 - INFO - Stategy_Fibo copy.py - 271 - A,36899.1,37400,1,2
2024-09-19 09:57:52,025 - INFO - Stategy_Fibo copy.py - 756 - Checking Bet history ['A', 'B', 'B', 'B']
2024-09-19 09:58:34,333 - INFO - Stategy_Fibo copy.py - 285 - B,36946.6,37400,1,3
2024-09-19 09:58:37,743 - INFO - Stategy_Fibo copy.py - 756 - Checking Bet history ['B', 'B', 'B', 'A']
2024-09-19 10:00:17,378 - INFO - Stategy_Fibo copy.py - 285 - B,36896.6,37400,2,0
2024-09-19 10:00:20,782 - INFO - Stategy_Fibo copy.py - 756 - Checking Bet history ['B', 'A', 'A', 'B']
2024-09-19 10:01:04,408 - INFO - Stategy_Fibo copy.py - 285 - B,36991.6,37400,0,1
2024-09-19 10:01:07,819 - INFO - Stategy_Fibo copy.py - 756 - Checking Bet history ['A', 'A', 'B', 'B']
2024-09-19 10:01:49,791 - INFO - Stategy_Fibo copy.py - 271 - A,37039.1,37400,0,2
2024-09-19 10:01:53,197 - INFO - Stategy_Fibo copy.py - 756 - Checking Bet history ['A', 'B', 'B', 'B']
2024-09-19 10:02:37,513 - INFO - Stategy_Fibo copy.py - 285 - B,36989.1,37400,1,0
2024-09-19 10:02:40,920 - INFO - Stategy_Fibo copy.py - 756 - Checking Bet history ['B', 'B', 'B', 'B']
2024-09-19 10:03:26,661 - INFO - Stategy_Fibo copy.py - 285 - B,36889.1,37400,2,0
2024-09-19 10:03:30,086 - INFO - Stategy_Fibo copy.py - 756 - Checking Bet history ['B', 'B', 'B', 'A']
2024-09-19 10:04:20,024 - INFO - Stategy_Fibo copy.py - 285 - B,36789.1,37400,3,0
2024-09-19 10:04:23,473 - INFO - Stategy_Fibo copy.py - 756 - Checking Bet history ['B', 'B', 'A', 'A']
2024-09-19 10:05:08,764 - INFO - Stategy_Fibo copy.py - 271 - A,36931.6,37400,1,1
2024-09-19 10:05:12,150 - INFO - Stategy_Fibo copy.py - 756 - Checking Bet history ['B', 'A', 'A', 'B']
2024-09-19 10:05:57,017 - INFO - Stategy_Fibo copy.py - 271 - A,36979.1,37400,1,2
2024-09-19 10:06:00,421 - INFO - Stategy_Fibo copy.py - 756 - Checking Bet history ['A', 'A', 'B', 'A']
2024-09-19 10:06:49,921 - INFO - Stategy_Fibo copy.py - 285 - B,36929.1,37400,2,0
2024-09-19 10:06:53,348 - INFO - Stategy_Fibo copy.py - 756 - Checking Bet history ['A', 'B', 'A', 'B']
2024-09-19 10:08:22,972 - INFO - Stategy_Fibo copy.py - 285 - B,36829.1,37400,3,0
2024-09-19 10:08:25,739 - ERROR - Stategy_Fibo copy.py - 764 - An error occurred during the betting process: PyAutoGUI fail-safe triggered from mouse moving to a corner of the screen. To disable this fail-safe, set pyautogui.FAILSAFE to False. DISABLING FAIL-SAFE IS NOT RECOMMENDED.
Traceback (most recent call last):
  File "d:\Kaushal\Playground\Omnitrix\Omnitrix\Stategy_Fibo copy.py", line 683, in <module>
    last_value_txt = get_text_at_position(textat_x,textat_y,moving_delay)
                     ^^^^^^^^^^^^^^^^^^^^^^^^^^^^^^^^^^^^^^^^^^^^^^^^^^^^
  File "d:\Kaushal\Playground\Omnitrix\Omnitrix\Stategy_Fibo copy.py", line 349, in get_text_at_position
    pyautogui.hotkey('ctrl', 'c')  # Use 'command', 'c' on macOS
    ^^^^^^^^^^^^^^^^^^^^^^^^^^^^^
  File "C:\Users\Umesh Patel\AppData\Local\Programs\Python\Python312\Lib\site-packages\pyautogui\__init__.py", line 593, in wrapper
    failSafeCheck()
  File "C:\Users\Umesh Patel\AppData\Local\Programs\Python\Python312\Lib\site-packages\pyautogui\__init__.py", line 1734, in failSafeCheck
    raise FailSafeException(
pyautogui.FailSafeException: PyAutoGUI fail-safe triggered from mouse moving to a corner of the screen. To disable this fail-safe, set pyautogui.FAILSAFE to False. DISABLING FAIL-SAFE IS NOT RECOMMENDED.
2024-09-19 10:08:25,867 - ERROR - Stategy_Fibo copy.py - 778 - An error occurred in the main function: PyAutoGUI fail-safe triggered from mouse moving to a corner of the screen. To disable this fail-safe, set pyautogui.FAILSAFE to False. DISABLING FAIL-SAFE IS NOT RECOMMENDED.
Traceback (most recent call last):
  File "d:\Kaushal\Playground\Omnitrix\Omnitrix\Stategy_Fibo copy.py", line 399, in <module>
    current_txt = get_text_at_position(textat_x,textat_y,moving_delay)
                  ^^^^^^^^^^^^^^^^^^^^^^^^^^^^^^^^^^^^^^^^^^^^^^^^^^^^
  File "d:\Kaushal\Playground\Omnitrix\Omnitrix\Stategy_Fibo copy.py", line 340, in get_text_at_position
    pyautogui.moveTo(x, y, duration=duration)
  File "C:\Users\Umesh Patel\AppData\Local\Programs\Python\Python312\Lib\site-packages\pyautogui\__init__.py", line 593, in wrapper
    failSafeCheck()
  File "C:\Users\Umesh Patel\AppData\Local\Programs\Python\Python312\Lib\site-packages\pyautogui\__init__.py", line 1734, in failSafeCheck
    raise FailSafeException(
pyautogui.FailSafeException: PyAutoGUI fail-safe triggered from mouse moving to a corner of the screen. To disable this fail-safe, set pyautogui.FAILSAFE to False. DISABLING FAIL-SAFE IS NOT RECOMMENDED.
