2024-09-18 22:32:00,513 - INFO - Stategy_Fibo copy.py - 392 - Starting value: 35414.1
2024-09-18 22:32:00,513 - INFO - Stategy_Fibo copy.py - 393 - Target amount: 35990
2024-09-18 22:32:00,513 - INFO - Stategy_Fibo copy.py - 394 - Betted On,CurrentValue,TargetAmt,Losscount,Wincount
2024-09-18 22:32:33,633 - INFO - Stategy_Fibo copy.py - 285 - B,35414.1,35990,0,0
2024-09-18 22:32:37,068 - INFO - Stategy_Fibo copy.py - 748 - Checking Bet history []
2024-09-18 22:33:26,439 - INFO - Stategy_Fibo copy.py - 285 - B,35364.1,35990,1,0
2024-09-18 22:33:29,868 - INFO - Stategy_Fibo copy.py - 748 - Checking Bet history ['A']
2024-09-18 22:34:16,565 - INFO - Stategy_Fibo copy.py - 271 - A,35459.1,35990,1,1
2024-09-18 22:34:20,005 - INFO - Stategy_Fibo copy.py - 748 - Checking Bet history ['A', 'B']
2024-09-18 22:35:04,019 - INFO - Stategy_Fibo copy.py - 271 - A,35409.1,35990,2,0
2024-09-18 22:35:07,426 - INFO - Stategy_Fibo copy.py - 748 - Checking Bet history ['A', 'B', 'B']
2024-09-18 22:36:48,812 - INFO - Stategy_Fibo copy.py - 285 - B,35504.1,35990,0,1
2024-09-18 22:36:52,236 - INFO - Stategy_Fibo copy.py - 748 - Checking Bet history ['B', 'B', 'A', 'A']
2024-09-18 22:37:32,644 - INFO - Stategy_Fibo copy.py - 285 - B,35551.6,35990,0,2
2024-09-18 22:37:36,052 - INFO - Stategy_Fibo copy.py - 748 - Checking Bet history ['B', 'A', 'A', 'B']
2024-09-18 22:38:05,279 - INFO - Stategy_Fibo copy.py - 426 - new target check  length: 4
2024-09-18 22:38:58,164 - INFO - Stategy_Fibo copy.py - 426 - new target check  length: 4
2024-09-18 22:39:49,952 - INFO - Stategy_Fibo copy.py - 426 - new target check  length: 4
2024-09-18 22:40:47,149 - INFO - Stategy_Fibo copy.py - 285 - B,35599.1,35990,0,0
2024-09-18 22:40:50,607 - INFO - Stategy_Fibo copy.py - 748 - Checking Bet history []
2024-09-18 22:41:40,553 - INFO - Stategy_Fibo copy.py - 285 - B,35549.1,35990,1,0
2024-09-18 22:41:43,978 - INFO - Stategy_Fibo copy.py - 748 - Checking Bet history ['A']
2024-09-18 22:42:28,708 - INFO - Stategy_Fibo copy.py - 285 - B,35449.1,35990,2,0
2024-09-18 22:42:32,146 - INFO - Stategy_Fibo copy.py - 748 - Checking Bet history ['A', 'A']
2024-09-18 22:43:17,261 - INFO - Stategy_Fibo copy.py - 271 - A,35349.1,35990,3,0
2024-09-18 22:43:20,795 - INFO - Stategy_Fibo copy.py - 748 - Checking Bet history ['A', 'A', 'A']
2024-09-18 22:45:01,721 - INFO - Stategy_Fibo copy.py - 271 - A,35491.6,35990,1,1
2024-09-18 22:45:05,158 - INFO - Stategy_Fibo copy.py - 748 - Checking Bet history ['A', 'A', 'A', 'A']
2024-09-18 22:45:53,949 - INFO - Stategy_Fibo copy.py - 271 - A,35539.1,35990,1,2
2024-09-18 22:45:57,376 - INFO - Stategy_Fibo copy.py - 748 - Checking Bet history ['A', 'A', 'A', 'A']
2024-09-18 22:46:41,673 - INFO - Stategy_Fibo copy.py - 271 - A,35586.6,35990,1,3
2024-09-18 22:46:45,091 - INFO - Stategy_Fibo copy.py - 748 - Checking Bet history ['A', 'A', 'A', 'A']
2024-09-18 22:47:42,003 - INFO - Stategy_Fibo copy.py - 285 - B,35536.6,35990,2,0
2024-09-18 22:47:45,454 - INFO - Stategy_Fibo copy.py - 748 - Checking Bet history ['A', 'A', 'A', 'B']
2024-09-18 22:51:33,261 - ERROR - Stategy_Fibo copy.py - 770 - An error occurred in the main function: float() argument must be a string or a real number, not 'NoneType'
Traceback (most recent call last):
  File "d:\Kaushal\Playground\Omnitrix\Omnitrix\Stategy_Fibo copy.py", line 400, in <module>
    startingvaluefinal=float(extract_numbers(current_txt))
                       ^^^^^^^^^^^^^^^^^^^^^^^^^^^^^^^^^^^
TypeError: float() argument must be a string or a real number, not 'NoneType'
