2024-09-17 23:00:28,231 - INFO - Stategy_Fibo copy.py - 392 - Starting value: 14275.6
2024-09-17 23:00:28,232 - INFO - Stategy_Fibo copy.py - 393 - Target amount: 20000
2024-09-17 23:00:28,232 - INFO - Stategy_Fibo copy.py - 394 - Betted On,CurrentValue,TargetAmt,Losscount,Wincount
2024-09-17 23:00:59,005 - INFO - Stategy_Fibo copy.py - 285 - B,14275.6,20000,0,0
2024-09-17 23:01:02,385 - INFO - Stategy_Fibo copy.py - 751 - betcount  1
2024-09-17 23:01:47,854 - INFO - Stategy_Fibo copy.py - 285 - B,14225.6,20000,1,0
2024-09-17 23:01:51,239 - INFO - Stategy_Fibo copy.py - 751 - betcount  2
2024-09-17 23:02:39,184 - INFO - Stategy_Fibo copy.py - 271 - A,14125.6,20000,2,0
2024-09-17 23:02:47,288 - INFO - Stategy_Fibo copy.py - 285 - B,14125.6,20000,2,0
2024-09-17 23:02:50,675 - INFO - Stategy_Fibo copy.py - 751 - betcount  3
2024-09-17 23:03:31,464 - INFO - Stategy_Fibo copy.py - 285 - B,14125.6,20000,0,1
2024-09-17 23:03:34,840 - INFO - Stategy_Fibo copy.py - 751 - betcount  4
2024-09-17 23:05:02,636 - INFO - Stategy_Fibo copy.py - 285 - B,14170.6,20000,1,0
2024-09-17 23:05:06,020 - INFO - Stategy_Fibo copy.py - 751 - betcount  6
2024-09-17 23:05:49,358 - INFO - Stategy_Fibo copy.py - 285 - B,14070.6,20000,2,0
2024-09-17 23:05:52,746 - INFO - Stategy_Fibo copy.py - 751 - betcount  7
2024-09-17 23:06:39,833 - INFO - Stategy_Fibo copy.py - 271 - A,14165.6,20000,0,1
2024-09-17 23:06:47,484 - INFO - Stategy_Fibo copy.py - 271 - A,14165.6,20000,0,1
2024-09-17 23:06:50,878 - INFO - Stategy_Fibo copy.py - 751 - betcount  8
2024-09-17 23:07:26,404 - INFO - Stategy_Fibo copy.py - 271 - A,14115.6,20000,1,0
2024-09-17 23:07:29,776 - INFO - Stategy_Fibo copy.py - 751 - betcount  9
2024-09-17 23:09:02,930 - INFO - Stategy_Fibo copy.py - 285 - B,14210.6,20000,1,1
2024-09-17 23:09:06,300 - INFO - Stategy_Fibo copy.py - 751 - betcount  11
2024-09-17 23:09:47,351 - INFO - Stategy_Fibo copy.py - 285 - B,14160.6,20000,2,0
2024-09-17 23:09:50,723 - INFO - Stategy_Fibo copy.py - 751 - betcount  12
2024-09-17 23:10:47,651 - INFO - Stategy_Fibo copy.py - 271 - A,14060.6,20000,3,0
2024-09-17 23:10:51,023 - INFO - Stategy_Fibo copy.py - 751 - betcount  13
2024-09-17 23:11:32,023 - INFO - Stategy_Fibo copy.py - 271 - A,14203.1,20000,1,1
2024-09-17 23:11:35,395 - INFO - Stategy_Fibo copy.py - 751 - betcount  14
2024-09-17 23:13:13,665 - INFO - Stategy_Fibo copy.py - 285 - B,14250.6,20000,1,2
2024-09-17 23:13:17,043 - INFO - Stategy_Fibo copy.py - 751 - betcount  16
2024-09-17 23:14:00,268 - INFO - Stategy_Fibo copy.py - 271 - A,14298.1,20000,1,3
2024-09-17 23:14:03,651 - INFO - Stategy_Fibo copy.py - 751 - betcount  17
2024-09-17 23:14:43,455 - INFO - Stategy_Fibo copy.py - 271 - A,14248.1,20000,2,0
2024-09-17 23:14:50,600 - INFO - Stategy_Fibo copy.py - 271 - A,14248.1,20000,2,0
2024-09-17 23:14:53,977 - INFO - Stategy_Fibo copy.py - 751 - betcount  18
2024-09-17 23:15:31,232 - INFO - Stategy_Fibo copy.py - 285 - B,14248.1,20000,3,0
2024-09-17 23:15:34,600 - INFO - Stategy_Fibo copy.py - 751 - betcount  19
2024-09-17 23:17:07,158 - INFO - Stategy_Fibo copy.py - 271 - A,13898.1,20000,4,0
2024-09-17 23:17:10,552 - INFO - Stategy_Fibo copy.py - 751 - betcount  21
2024-09-17 23:17:49,117 - INFO - Stategy_Fibo copy.py - 271 - A,13648.1,20000,5,0
2024-09-17 23:17:52,497 - INFO - Stategy_Fibo copy.py - 751 - betcount  22
2024-09-17 23:18:36,700 - INFO - Stategy_Fibo copy.py - 285 - B,13248.1,20000,6,0
2024-09-17 23:18:48,592 - INFO - Stategy_Fibo copy.py - 285 - B,13248.1,20000,6,0
2024-09-17 23:18:51,966 - INFO - Stategy_Fibo copy.py - 751 - betcount  23
2024-09-17 23:19:31,345 - INFO - Stategy_Fibo copy.py - 285 - B,12598.1,20000,7,0
2024-09-17 23:19:34,730 - INFO - Stategy_Fibo copy.py - 751 - betcount  24
2024-09-17 23:21:02,600 - INFO - Stategy_Fibo copy.py - 271 - A,13595.6,20000,5,1
2024-09-17 23:21:05,994 - INFO - Stategy_Fibo copy.py - 751 - betcount  26
2024-09-17 23:21:48,834 - INFO - Stategy_Fibo copy.py - 285 - B,13975.6,20000,3,2
2024-09-17 23:21:52,207 - INFO - Stategy_Fibo copy.py - 751 - betcount  27
2024-09-17 23:22:33,723 - INFO - Stategy_Fibo copy.py - 285 - B,13825.6,20000,4,0
2024-09-17 23:22:42,375 - INFO - Stategy_Fibo copy.py - 285 - B,13825.6,20000,4,0
2024-09-17 23:22:45,767 - INFO - Stategy_Fibo copy.py - 751 - betcount  28
2024-09-17 23:23:25,698 - INFO - Stategy_Fibo copy.py - 285 - B,13825.6,20000,2,1
2024-09-17 23:23:29,079 - INFO - Stategy_Fibo copy.py - 751 - betcount  29
2024-09-17 23:24:54,319 - INFO - Stategy_Fibo copy.py - 285 - B,14158.1,20000,0,2
2024-09-17 23:24:57,717 - INFO - Stategy_Fibo copy.py - 751 - betcount  31
2024-09-17 23:25:40,045 - INFO - Stategy_Fibo copy.py - 271 - A,14205.6,20000,0,3
2024-09-17 23:25:43,434 - INFO - Stategy_Fibo copy.py - 751 - betcount  32
2024-09-17 23:26:25,044 - INFO - Stategy_Fibo copy.py - 285 - B,14253.1,20000,0,4
2024-09-17 23:26:31,744 - INFO - Stategy_Fibo copy.py - 271 - A,14253.1,20000,0,4
2024-09-17 23:26:35,144 - INFO - Stategy_Fibo copy.py - 751 - betcount  33
2024-09-17 23:27:00,527 - ERROR - Stategy_Fibo copy.py - 769 - An error occurred in the main function: float() argument must be a string or a real number, not 'NoneType'
Traceback (most recent call last):
  File "d:\Kaushal\Playground\Omnitrix\Omnitrix\Stategy_Fibo copy.py", line 400, in <module>
    startingvaluefinal=float(extract_numbers(current_txt))
                       ^^^^^^^^^^^^^^^^^^^^^^^^^^^^^^^^^^^
TypeError: float() argument must be a string or a real number, not 'NoneType'
