2024-09-18 21:58:33,737 - INFO - Stategy_Fibo copy.py - 392 - Starting value: 34899.1
2024-09-18 21:58:33,737 - INFO - Stategy_Fibo copy.py - 393 - Target amount: 35400
2024-09-18 21:58:33,737 - INFO - Stategy_Fibo copy.py - 394 - Betted On,CurrentValue,TargetAmt,Losscount,Wincount
2024-09-18 21:58:47,480 - INFO - Stategy_Fibo copy.py - 285 - B,34899.1,35400,0,0
2024-09-18 21:58:50,852 - INFO - Stategy_Fibo copy.py - 751 - betcount  1
2024-09-18 21:59:32,834 - INFO - Stategy_Fibo copy.py - 285 - B,34946.6,35400,0,1
2024-09-18 21:59:36,211 - INFO - Stategy_Fibo copy.py - 751 - betcount  2
2024-09-18 22:00:28,022 - INFO - Stategy_Fibo copy.py - 271 - A,34896.6,35400,1,0
2024-09-18 22:00:31,424 - INFO - Stategy_Fibo copy.py - 751 - betcount  3
2024-09-18 22:01:18,110 - INFO - Stategy_Fibo copy.py - 271 - A,34991.6,35400,1,1
2024-09-18 22:01:21,495 - INFO - Stategy_Fibo copy.py - 751 - betcount  4
2024-09-18 22:03:02,664 - INFO - Stategy_Fibo copy.py - 271 - A,35039.1,35400,1,2
2024-09-18 22:03:06,040 - INFO - Stategy_Fibo copy.py - 751 - betcount  6
2024-09-18 22:03:35,103 - INFO - Stategy_Fibo copy.py - 426 - new target check  length: 4
2024-09-18 22:04:25,865 - INFO - Stategy_Fibo copy.py - 426 - new target check  length: 4
2024-09-18 22:08:09,167 - INFO - Stategy_Fibo copy.py - 426 - new target check  length: 4
2024-09-18 22:08:59,369 - INFO - Stategy_Fibo copy.py - 426 - new target check  length: 4
2024-09-18 22:10:00,949 - INFO - Stategy_Fibo copy.py - 285 - B,35086.6,35400,0,0
2024-09-18 22:10:04,325 - INFO - Stategy_Fibo copy.py - 751 - betcount  11
2024-09-18 22:11:11,866 - INFO - Stategy_Fibo copy.py - 285 - B,35134.1,35400,0,1
2024-09-18 22:11:15,294 - INFO - Stategy_Fibo copy.py - 751 - betcount  12
2024-09-18 22:12:05,839 - INFO - Stategy_Fibo copy.py - 271 - A,35181.6,35400,0,2
2024-09-18 22:12:09,293 - INFO - Stategy_Fibo copy.py - 751 - betcount  13
2024-09-18 22:12:56,464 - INFO - Stategy_Fibo copy.py - 271 - A,35131.6,35400,1,0
2024-09-18 22:12:59,860 - INFO - Stategy_Fibo copy.py - 751 - betcount  14
2024-09-18 22:14:41,619 - INFO - Stategy_Fibo copy.py - 285 - B,35226.6,35400,1,1
2024-09-18 22:14:45,031 - INFO - Stategy_Fibo copy.py - 751 - betcount  16
2024-09-18 22:15:27,620 - INFO - Stategy_Fibo copy.py - 285 - B,35176.6,35400,2,0
2024-09-18 22:15:31,026 - INFO - Stategy_Fibo copy.py - 751 - betcount  17
2024-09-18 22:16:06,045 - INFO - Stategy_Fibo copy.py - 426 - new target check  length: 4
2024-09-18 22:16:55,625 - INFO - Stategy_Fibo copy.py - 426 - new target check  length: 4
2024-09-18 22:17:47,651 - INFO - Stategy_Fibo copy.py - 426 - new target check  length: 4
2024-09-18 22:18:43,988 - INFO - Stategy_Fibo copy.py - 285 - B,35271.6,35400,0,0
2024-09-18 22:18:47,397 - INFO - Stategy_Fibo copy.py - 751 - betcount  21
2024-09-18 22:19:38,226 - INFO - Stategy_Fibo copy.py - 285 - B,35319.1,35400,0,1
2024-09-18 22:19:41,653 - INFO - Stategy_Fibo copy.py - 751 - betcount  22
2024-09-18 22:20:23,973 - INFO - Stategy_Fibo copy.py - 271 - A,35366.6,35400,0,2
2024-09-18 22:20:27,400 - INFO - Stategy_Fibo copy.py - 751 - betcount  23
2024-09-18 22:21:03,924 - INFO - Stategy_Fibo copy.py - 426 - new target check  length: 4
2024-09-18 22:21:52,883 - INFO - Stategy_Fibo copy.py - 426 - new target check  length: 4
2024-09-18 22:22:30,077 - INFO - Stategy_Fibo copy.py - 765 - Condition not met, alarm beeped.
