2024-09-22 22:40:41,713 - INFO - Stategy_Fibo copy.py - 406 - Starting value: 31599.86
2024-09-22 22:40:41,713 - INFO - Stategy_Fibo copy.py - 407 - Target amount: 35000
2024-09-22 22:40:41,713 - INFO - Stategy_Fibo copy.py - 408 - Betted On,CurrentValue,TargetAmt,Losscount,Wincount
2024-09-22 22:40:52,634 - INFO - Stategy_Fibo copy.py - 299 - B,31599.86,35000,0,0
2024-09-22 22:40:56,010 - INFO - Stategy_Fibo copy.py - 747 - Checking Bet history []
2024-09-22 22:41:35,337 - INFO - Stategy_Fibo copy.py - 299 - B,31549.86,35000,1,0
2024-09-22 22:41:38,712 - INFO - Stategy_Fibo copy.py - 747 - Checking Bet history ['A']
2024-09-22 22:44:51,032 - INFO - Stategy_Fibo copy.py - 299 - B,32499.86,35000,0,0
2024-09-22 22:44:54,427 - INFO - Stategy_Fibo copy.py - 747 - Checking Bet history []
2024-09-22 22:45:42,429 - INFO - Stategy_Fibo copy.py - 299 - B,31999.86,35000,1,0
2024-09-22 22:45:45,801 - INFO - Stategy_Fibo copy.py - 747 - Checking Bet history ['A']
2024-09-22 22:46:31,812 - INFO - Stategy_Fibo copy.py - 299 - B,30999.86,35000,2,0
2024-09-22 22:46:35,183 - INFO - Stategy_Fibo copy.py - 747 - Checking Bet history ['A', 'A']
2024-09-22 22:47:22,902 - INFO - Stategy_Fibo copy.py - 299 - B,31949.86,35000,0,1
2024-09-22 22:47:26,269 - INFO - Stategy_Fibo copy.py - 747 - Checking Bet history ['A', 'A', 'B']
2024-09-22 22:49:10,980 - INFO - Stategy_Fibo copy.py - 299 - B,31449.86,35000,1,0
2024-09-22 22:49:14,349 - INFO - Stategy_Fibo copy.py - 747 - Checking Bet history ['A', 'B', 'A', 'A']
2024-09-22 22:50:00,678 - INFO - Stategy_Fibo copy.py - 299 - B,32399.86,35000,1,1
2024-09-22 22:50:04,048 - INFO - Stategy_Fibo copy.py - 747 - Checking Bet history ['B', 'A', 'A', 'B']
2024-09-22 22:51:06,696 - INFO - Stategy_Fibo copy.py - 285 - A,31899.86,35000,2,0
2024-09-22 22:51:10,088 - INFO - Stategy_Fibo copy.py - 747 - Checking Bet history ['A', 'A', 'B', 'A']
2024-09-22 22:51:58,285 - INFO - Stategy_Fibo copy.py - 285 - A,32849.86,35000,0,1
2024-09-22 22:52:01,670 - INFO - Stategy_Fibo copy.py - 747 - Checking Bet history ['A', 'B', 'A', 'A']
2024-09-22 22:53:39,445 - INFO - Stategy_Fibo copy.py - 299 - B,33324.86,35000,0,0
2024-09-22 22:53:42,812 - INFO - Stategy_Fibo copy.py - 747 - Checking Bet history []
2024-09-22 22:54:24,168 - INFO - Stategy_Fibo copy.py - 299 - B,32824.86,35000,1,0
2024-09-22 22:54:27,548 - INFO - Stategy_Fibo copy.py - 747 - Checking Bet history ['A']
2024-09-22 22:58:16,467 - INFO - Stategy_Fibo copy.py - 299 - B,33774.86,35000,0,0
2024-09-22 22:58:19,846 - INFO - Stategy_Fibo copy.py - 747 - Checking Bet history []
2024-09-22 22:59:16,164 - INFO - Stategy_Fibo copy.py - 299 - B,33274.86,35000,1,0
2024-09-22 22:59:19,544 - INFO - Stategy_Fibo copy.py - 747 - Checking Bet history ['A']
2024-09-22 23:00:07,475 - INFO - Stategy_Fibo copy.py - 299 - B,32274.86,35000,2,0
2024-09-22 23:00:10,860 - INFO - Stategy_Fibo copy.py - 747 - Checking Bet history ['A', 'A']
2024-09-22 23:00:58,004 - INFO - Stategy_Fibo copy.py - 299 - B,33224.86,35000,0,1
2024-09-22 23:01:01,396 - INFO - Stategy_Fibo copy.py - 747 - Checking Bet history ['A', 'A', 'B']
2024-09-22 23:02:49,545 - INFO - Stategy_Fibo copy.py - 299 - B,33699.86,35000,0,2
2024-09-22 23:02:52,921 - INFO - Stategy_Fibo copy.py - 747 - Checking Bet history ['A', 'B', 'B', 'B']
2024-09-22 23:03:39,245 - INFO - Stategy_Fibo copy.py - 299 - B,34174.86,35000,0,3
2024-09-22 23:03:42,627 - INFO - Stategy_Fibo copy.py - 747 - Checking Bet history ['B', 'B', 'B', 'B']
2024-09-22 23:04:36,042 - INFO - Stategy_Fibo copy.py - 285 - A,33674.86,35000,1,0
2024-09-22 23:04:39,424 - INFO - Stategy_Fibo copy.py - 747 - Checking Bet history ['B', 'B', 'B', 'A']
2024-09-22 23:07:11,998 - INFO - Stategy_Fibo copy.py - 299 - B,34624.86,35000,0,0
2024-09-22 23:07:15,376 - INFO - Stategy_Fibo copy.py - 747 - Checking Bet history []
