2024-09-20 15:37:10,941 - INFO - Stategy_Fibo copy.py - 392 - Starting value: 27913.1
2024-09-20 15:37:10,946 - INFO - Stategy_Fibo copy.py - 393 - Target amount: 29000
2024-09-20 15:37:10,946 - INFO - Stategy_Fibo copy.py - 394 - Betted On,CurrentValue,TargetAmt,Losscount,Wincount
2024-09-20 15:37:45,080 - INFO - Stategy_Fibo copy.py - 285 - B,27913.1,29000,0,0
2024-09-20 15:37:48,450 - INFO - Stategy_Fibo copy.py - 756 - Checking Bet history []
2024-09-20 15:38:21,366 - INFO - Stategy_Fibo copy.py - 426 - new target check  length: 4
2024-09-20 15:39:09,216 - INFO - Stategy_Fibo copy.py - 426 - new target check  length: 4
2024-09-20 15:39:57,396 - INFO - Stategy_Fibo copy.py - 426 - new target check  length: 4
2024-09-20 15:40:49,376 - INFO - Stategy_Fibo copy.py - 426 - new target check  length: 4
2024-09-20 15:41:49,218 - INFO - Stategy_Fibo copy.py - 285 - B,28388.1,29000,0,0
2024-09-20 15:41:52,588 - INFO - Stategy_Fibo copy.py - 756 - Checking Bet history []
2024-09-20 15:42:43,338 - INFO - Stategy_Fibo copy.py - 285 - B,27888.1,29000,1,0
2024-09-20 15:42:46,708 - INFO - Stategy_Fibo copy.py - 756 - Checking Bet history ['A']
2024-09-20 15:43:30,611 - INFO - Stategy_Fibo copy.py - 285 - B,26888.1,29000,2,0
2024-09-20 15:43:33,979 - INFO - Stategy_Fibo copy.py - 756 - Checking Bet history ['A', 'A']
2024-09-20 15:44:01,890 - ERROR - Stategy_Fibo copy.py - 778 - An error occurred in the main function: float() argument must be a string or a real number, not 'NoneType'
Traceback (most recent call last):
  File "d:\Kaushal\Playground\Omnitrix\Omnitrix\Stategy_Fibo copy.py", line 400, in <module>
    startingvaluefinal=float(extract_numbers(current_txt))
                       ^^^^^^^^^^^^^^^^^^^^^^^^^^^^^^^^^^^
TypeError: float() argument must be a string or a real number, not 'NoneType'
