2024-09-19 21:40:34,719 - INFO - Stategy_Fibo copy.py - 392 - Starting value: 36679.1
2024-09-19 21:40:34,719 - INFO - Stategy_Fibo copy.py - 393 - Target amount: 37100
2024-09-19 21:40:34,719 - INFO - Stategy_Fibo copy.py - 394 - Betted On,CurrentValue,TargetAmt,Losscount,Wincount
2024-09-19 21:41:02,725 - INFO - Stategy_Fibo copy.py - 285 - B,36679.1,37100,0,0
2024-09-19 21:41:06,127 - INFO - Stategy_Fibo copy.py - 756 - Checking Bet history []
2024-09-19 21:41:51,952 - INFO - Stategy_Fibo copy.py - 285 - B,36579.1,37100,1,0
2024-09-19 21:41:55,388 - INFO - Stategy_Fibo copy.py - 756 - Checking Bet history ['A']
2024-09-19 21:42:41,927 - INFO - Stategy_Fibo copy.py - 271 - A,36769.1,37100,1,1
2024-09-19 21:42:45,310 - INFO - Stategy_Fibo copy.py - 756 - Checking Bet history ['A', 'B']
2024-09-19 21:43:28,472 - INFO - Stategy_Fibo copy.py - 271 - A,36669.1,37100,2,0
2024-09-19 21:43:31,904 - INFO - Stategy_Fibo copy.py - 756 - Checking Bet history ['A', 'B', 'B']
2024-09-19 21:45:03,829 - INFO - Stategy_Fibo copy.py - 285 - B,36469.1,37100,3,0
2024-09-19 21:45:07,219 - INFO - Stategy_Fibo copy.py - 756 - Checking Bet history ['B', 'B', 'B', 'A']
2024-09-19 21:45:47,805 - INFO - Stategy_Fibo copy.py - 285 - B,36469.1,37100,4,0
2024-09-19 21:45:51,190 - INFO - Stategy_Fibo copy.py - 756 - Checking Bet history ['B', 'B', 'A', 'A']
2024-09-19 21:46:29,116 - INFO - Stategy_Fibo copy.py - 285 - B,36169.1,37100,5,0
2024-09-19 21:46:32,497 - INFO - Stategy_Fibo copy.py - 756 - Checking Bet history ['B', 'A', 'A', 'A']
2024-09-19 21:47:16,345 - INFO - Stategy_Fibo copy.py - 271 - A,34869.1,37100,6,0
2024-09-19 21:47:19,716 - INFO - Stategy_Fibo copy.py - 756 - Checking Bet history ['A', 'A', 'A', 'A']
2024-09-19 21:48:02,072 - INFO - Stategy_Fibo copy.py - 285 - B,33569.1,37100,7,0
2024-09-19 21:48:05,457 - INFO - Stategy_Fibo copy.py - 756 - Checking Bet history ['A', 'A', 'A', 'B']
2024-09-19 21:48:47,908 - INFO - Stategy_Fibo copy.py - 285 - B,35564.1,37100,5,1
2024-09-19 21:48:51,277 - INFO - Stategy_Fibo copy.py - 756 - Checking Bet history ['A', 'A', 'B', 'B']
2024-09-19 21:49:32,215 - INFO - Stategy_Fibo copy.py - 271 - A,34764.1,37100,6,0
2024-09-19 21:49:35,597 - INFO - Stategy_Fibo copy.py - 756 - Checking Bet history ['A', 'B', 'B', 'A']
2024-09-19 21:50:21,282 - INFO - Stategy_Fibo copy.py - 271 - A,33464.1,37100,7,0
2024-09-19 21:50:24,652 - INFO - Stategy_Fibo copy.py - 756 - Checking Bet history ['B', 'B', 'A', 'B']
2024-09-19 21:51:08,041 - INFO - Stategy_Fibo copy.py - 285 - B,31364.1,37100,8,0
2024-09-19 21:51:11,420 - INFO - Stategy_Fibo copy.py - 756 - Checking Bet history ['B', 'A', 'B', 'B']
2024-09-19 21:51:36,798 - ERROR - Stategy_Fibo copy.py - 778 - An error occurred in the main function: float() argument must be a string or a real number, not 'NoneType'
Traceback (most recent call last):
  File "d:\Kaushal\Playground\Omnitrix\Omnitrix\Stategy_Fibo copy.py", line 400, in <module>
    startingvaluefinal=float(extract_numbers(current_txt))
                       ^^^^^^^^^^^^^^^^^^^^^^^^^^^^^^^^^^^
TypeError: float() argument must be a string or a real number, not 'NoneType'
