2024-09-20 16:26:26,288 - INFO - Stategy_Fibo copy.py - 406 - Starting value: 28138.1
2024-09-20 16:26:26,288 - INFO - Stategy_Fibo copy.py - 407 - Target amount: 30000
2024-09-20 16:26:26,288 - INFO - Stategy_Fibo copy.py - 408 - Betted On,CurrentValue,TargetAmt,Losscount,Wincount
2024-09-20 16:26:38,822 - INFO - Stategy_Fibo copy.py - 299 - B,28138.1,30000,0,0
2024-09-20 16:26:42,194 - INFO - Stategy_Fibo copy.py - 774 - Checking Bet history []
2024-09-20 16:27:11,200 - ERROR - Stategy_Fibo copy.py - 782 - An error occurred during the betting process: name 'lenBet' is not defined
Traceback (most recent call last):
  File "d:\Kaushal\Playground\Omnitrix\Omnitrix\Stategy_Fibo copy.py", line 689, in <module>
    if(Bethistory[lenBet-2]=='A'and Bethistory[lenBet-1]=='A'):
                  ^^^^^^
NameError: name 'lenBet' is not defined
2024-09-20 16:27:17,225 - ERROR - Stategy_Fibo copy.py - 782 - An error occurred during the betting process: name 'lenBet' is not defined
Traceback (most recent call last):
  File "d:\Kaushal\Playground\Omnitrix\Omnitrix\Stategy_Fibo copy.py", line 689, in <module>
    if(Bethistory[lenBet-2]=='A'and Bethistory[lenBet-1]=='A'):
                  ^^^^^^
NameError: name 'lenBet' is not defined
2024-09-20 16:27:23,226 - ERROR - Stategy_Fibo copy.py - 782 - An error occurred during the betting process: name 'lenBet' is not defined
Traceback (most recent call last):
  File "d:\Kaushal\Playground\Omnitrix\Omnitrix\Stategy_Fibo copy.py", line 689, in <module>
    if(Bethistory[lenBet-2]=='A'and Bethistory[lenBet-1]=='A'):
                  ^^^^^^
NameError: name 'lenBet' is not defined
