2024-09-24 16:07:46,498 - INFO - new.py - 406 - Starting value: 8196.3
2024-09-24 16:07:46,498 - INFO - new.py - 407 - Target amount: 10000
2024-09-24 16:07:46,498 - INFO - new.py - 408 - Betted On,CurrentValue,TargetAmt,Losscount,Wincount
2024-09-24 16:08:04,333 - INFO - new.py - 707 - Checking Bet history []
2024-09-24 16:08:52,909 - INFO - new.py - 707 - Checking Bet history ['A']
2024-09-24 16:09:37,586 - INFO - new.py - 707 - Checking Bet history ['A']
2024-09-24 16:10:39,584 - INFO - new.py - 707 - Checking Bet history ['A']
2024-09-24 16:12:13,748 - INFO - new.py - 707 - Checking Bet history ['A', 'A']
2024-09-24 16:12:57,217 - INFO - new.py - 707 - Checking Bet history ['A']
2024-09-24 16:13:39,442 - INFO - new.py - 707 - Checking Bet history ['A']
2024-09-24 16:14:26,594 - INFO - new.py - 707 - Checking Bet history ['A']
2024-09-24 16:16:00,694 - INFO - new.py - 707 - Checking Bet history ['A', 'B']
2024-09-24 16:16:49,801 - INFO - new.py - 285 - A,8196.3,10000,0,0
2024-09-24 16:16:53,177 - INFO - new.py - 707 - Checking Bet history ['B']
2024-09-24 16:17:35,033 - INFO - new.py - 299 - B,8096.3,10000,1,0
2024-09-24 16:17:38,410 - INFO - new.py - 707 - Checking Bet history ['B', 'B']
2024-09-24 16:18:19,288 - INFO - new.py - 285 - A,7896.3,10000,2,0
2024-09-24 16:18:22,665 - INFO - new.py - 707 - Checking Bet history ['B', 'B', 'A']
2024-09-24 16:19:21,591 - ERROR - new.py - 730 - An error occurred in the main function: float() argument must be a string or a real number, not 'NoneType'
Traceback (most recent call last):
  File "d:\Kaushal\Playground\Omnitrix\Omnitrix\new.py", line 508, in <module>
    current_value_final=float(extract_numbers(current_txt))
                        ^^^^^^^^^^^^^^^^^^^^^^^^^^^^^^^^^^^
TypeError: float() argument must be a string or a real number, not 'NoneType'
