2024-08-24 21:01:14,899 - INFO - exchangeTSL.py - 244 - Starting value: 20521.08
2024-08-24 21:01:14,899 - INFO - exchangeTSL.py - 245 - Target amount: 21000
2024-08-24 21:01:14,901 - INFO - exchangeTSL.py - 246 - Betted On,CurrentValue,TargetAmt,Losscount,Wincount
2024-08-24 21:01:27,587 - INFO - exchangeTSL.py - 198 - B,20521.08,21000,0,0
2024-08-24 21:02:17,234 - INFO - exchangeTSL.py - 198 - B,20521.08,21000,1,0
2024-08-24 21:03:08,349 - INFO - exchangeTSL.py - 186 - A,20471.08,21000,2,0
2024-08-24 21:04:02,498 - INFO - exchangeTSL.py - 198 - B,20371.08,21000,3,0
2024-08-24 21:04:51,932 - INFO - exchangeTSL.py - 198 - B,20171.08,21000,0,1
2024-08-24 21:05:43,646 - INFO - exchangeTSL.py - 186 - A,20551.08,21000,0,2
2024-08-24 21:06:36,590 - INFO - exchangeTSL.py - 186 - A,20598.58,21000,1,0
2024-08-24 21:07:32,058 - INFO - exchangeTSL.py - 186 - A,20548.58,21000,2,0
2024-08-24 21:08:22,982 - INFO - exchangeTSL.py - 186 - A,20448.58,21000,3,0
2024-08-24 21:09:14,243 - INFO - exchangeTSL.py - 198 - B,20248.58,21000,0,1
2024-08-24 21:09:59,452 - INFO - exchangeTSL.py - 198 - B,20628.58,21000,0,2
2024-08-24 21:10:54,081 - INFO - exchangeTSL.py - 198 - B,20676.08,21000,0,3
2024-08-24 21:11:40,425 - INFO - exchangeTSL.py - 186 - A,20723.58,21000,0,4
2024-08-24 21:12:40,984 - INFO - exchangeTSL.py - 186 - A,20771.08,21000,0,5
2024-08-24 21:13:27,652 - INFO - exchangeTSL.py - 186 - A,20818.58,21000,1,0
2024-08-24 21:14:13,648 - INFO - exchangeTSL.py - 186 - A,20768.58,21000,2,0
2024-08-24 21:14:59,145 - INFO - exchangeTSL.py - 198 - B,20668.58,21000,0,1
2024-08-24 21:15:45,679 - INFO - exchangeTSL.py - 198 - B,20858.58,21000,1,0
2024-08-24 21:16:30,177 - INFO - exchangeTSL.py - 186 - A,20808.58,21000,0,1
2024-08-24 21:17:17,526 - INFO - exchangeTSL.py - 198 - B,20951.08,21000,0,2
2024-08-24 21:18:02,147 - INFO - exchangeTSL.py - 186 - A,20998.58,21000,0,3
2024-08-24 21:18:04,572 - ERROR - exchangeTSL.py - 380 - An error occurred during the betting process: float() argument must be a string or a real number, not 'NoneType'
Traceback (most recent call last):
  File "d:\Kaushal\Playground\last_omnitrix\Omnitrix\exchangeTSL.py", line 321, in <module>
    set_last_value(float(extract_numbers(last_value_txt)))
                   ^^^^^^^^^^^^^^^^^^^^^^^^^^^^^^^^^^^^^^
TypeError: float() argument must be a string or a real number, not 'NoneType'
