2024-09-21 00:55:25,118 - INFO - Stategy_Fibo copy.py - 406 - Starting value: 38398.1
2024-09-21 00:55:25,119 - INFO - Stategy_Fibo copy.py - 407 - Target amount: 40000
2024-09-21 00:55:25,119 - INFO - Stategy_Fibo copy.py - 408 - Betted On,CurrentValue,TargetAmt,Losscount,Wincount
2024-09-21 00:55:39,802 - INFO - Stategy_Fibo copy.py - 299 - B,38398.1,40000,0,0
2024-09-21 00:55:43,177 - INFO - Stategy_Fibo copy.py - 747 - Checking Bet history []
2024-09-21 00:56:22,196 - INFO - Stategy_Fibo copy.py - 299 - B,38398.1,40000,1,0
2024-09-21 00:56:25,580 - INFO - Stategy_Fibo copy.py - 747 - Checking Bet history ['A']
2024-09-21 00:59:30,146 - INFO - Stategy_Fibo copy.py - 299 - B,38848.1,40000,0,0
2024-09-21 00:59:33,540 - INFO - Stategy_Fibo copy.py - 747 - Checking Bet history []
2024-09-21 01:03:27,223 - INFO - Stategy_Fibo copy.py - 299 - B,39323.1,40000,0,0
2024-09-21 01:03:30,594 - INFO - Stategy_Fibo copy.py - 747 - Checking Bet history []
2024-09-21 01:07:17,266 - INFO - Stategy_Fibo copy.py - 299 - B,39798.1,40000,0,0
2024-09-21 01:07:20,641 - INFO - Stategy_Fibo copy.py - 747 - Checking Bet history []
2024-09-21 01:08:04,771 - INFO - Stategy_Fibo copy.py - 299 - B,39298.1,40000,1,0
2024-09-21 01:08:08,160 - INFO - Stategy_Fibo copy.py - 747 - Checking Bet history ['A']
2024-09-21 01:08:50,091 - INFO - Stategy_Fibo copy.py - 299 - B,38298.1,40000,2,0
2024-09-21 01:08:53,480 - INFO - Stategy_Fibo copy.py - 747 - Checking Bet history ['A', 'A']
2024-09-21 01:09:43,634 - INFO - Stategy_Fibo copy.py - 299 - B,39248.1,40000,0,1
2024-09-21 01:09:47,010 - INFO - Stategy_Fibo copy.py - 747 - Checking Bet history ['A', 'A', 'B']
2024-09-21 01:11:33,019 - INFO - Stategy_Fibo copy.py - 299 - B,38748.1,40000,1,0
2024-09-21 01:11:36,391 - INFO - Stategy_Fibo copy.py - 747 - Checking Bet history ['A', 'B', 'A', 'B']
2024-09-21 01:12:18,889 - INFO - Stategy_Fibo copy.py - 299 - B,39698.1,40000,1,1
2024-09-21 01:12:22,256 - INFO - Stategy_Fibo copy.py - 747 - Checking Bet history ['B', 'A', 'B', 'B']
2024-09-21 01:13:06,608 - INFO - Stategy_Fibo copy.py - 285 - A,39198.1,40000,2,0
2024-09-21 01:13:09,979 - INFO - Stategy_Fibo copy.py - 747 - Checking Bet history ['A', 'B', 'B', 'A']
2024-09-21 01:13:54,342 - INFO - Stategy_Fibo copy.py - 285 - A,38198.1,40000,3,0
2024-09-21 01:13:57,717 - INFO - Stategy_Fibo copy.py - 747 - Checking Bet history ['B', 'B', 'A', 'B']
2024-09-21 01:15:33,782 - INFO - Stategy_Fibo copy.py - 299 - B,36698.1,40000,4,0
2024-09-21 01:15:37,154 - INFO - Stategy_Fibo copy.py - 747 - Checking Bet history ['A', 'B', 'B', 'B']
2024-09-21 01:16:20,199 - INFO - Stategy_Fibo copy.py - 299 - B,39073.1,40000,2,1
2024-09-21 01:16:23,570 - INFO - Stategy_Fibo copy.py - 747 - Checking Bet history ['B', 'B', 'B', 'B']
2024-09-21 01:17:07,752 - INFO - Stategy_Fibo copy.py - 285 - A,38073.1,40000,3,0
2024-09-21 01:17:11,124 - INFO - Stategy_Fibo copy.py - 747 - Checking Bet history ['B', 'B', 'B', 'A']
2024-09-21 01:17:49,647 - INFO - Stategy_Fibo copy.py - 285 - A,36573.1,40000,4,0
2024-09-21 01:17:53,016 - INFO - Stategy_Fibo copy.py - 747 - Checking Bet history ['B', 'B', 'A', 'B']
2024-09-21 01:19:28,254 - INFO - Stategy_Fibo copy.py - 299 - B,34073.1,40000,5,0
2024-09-21 01:19:31,630 - INFO - Stategy_Fibo copy.py - 747 - Checking Bet history ['A', 'B', 'B', 'A']
2024-09-21 01:20:12,690 - INFO - Stategy_Fibo copy.py - 299 - B,37873.1,40000,3,1
2024-09-21 01:20:16,068 - INFO - Stategy_Fibo copy.py - 747 - Checking Bet history ['B', 'B', 'A', 'B']
2024-09-21 01:21:05,355 - INFO - Stategy_Fibo copy.py - 285 - A,39298.1,40000,1,2
2024-09-21 01:21:08,737 - INFO - Stategy_Fibo copy.py - 747 - Checking Bet history ['B', 'A', 'B', 'B']
2024-09-21 01:21:50,730 - INFO - Stategy_Fibo copy.py - 285 - A,38798.1,40000,2,0
2024-09-21 01:21:54,105 - INFO - Stategy_Fibo copy.py - 747 - Checking Bet history ['A', 'B', 'B', 'B']
2024-09-21 01:23:34,937 - INFO - Stategy_Fibo copy.py - 299 - B,37798.1,40000,3,0
2024-09-21 01:23:38,308 - INFO - Stategy_Fibo copy.py - 747 - Checking Bet history ['B', 'B', 'B', 'B']
2024-09-21 01:24:18,606 - INFO - Stategy_Fibo copy.py - 299 - B,39223.1,40000,1,1
2024-09-21 01:24:21,977 - INFO - Stategy_Fibo copy.py - 747 - Checking Bet history ['B', 'B', 'B', 'B']
2024-09-21 01:25:07,446 - INFO - Stategy_Fibo copy.py - 299 - B,39698.1,40000,1,2
2024-09-21 01:25:10,831 - INFO - Stategy_Fibo copy.py - 747 - Checking Bet history ['B', 'B', 'B', 'B']
2024-09-21 01:25:50,792 - INFO - Stategy_Fibo copy.py - 765 - Condition not met, alarm beeped.
