2024-09-23 02:28:07,830 - INFO - Stategy_Fibo copy.py - 406 - Starting value: 50774.86
2024-09-23 02:28:07,830 - INFO - Stategy_Fibo copy.py - 407 - Target amount: 55000
2024-09-23 02:28:07,830 - INFO - Stategy_Fibo copy.py - 408 - Betted On,CurrentValue,TargetAmt,Losscount,Wincount
2024-09-23 02:28:38,639 - INFO - Stategy_Fibo copy.py - 299 - B,50774.86,55000,0,0
2024-09-23 02:28:42,021 - INFO - Stategy_Fibo copy.py - 756 - Checking Bet history []
2024-09-23 02:32:49,562 - INFO - Stategy_Fibo copy.py - 299 - B,51249.86,55000,0,0
2024-09-23 02:32:52,958 - INFO - Stategy_Fibo copy.py - 756 - Checking Bet history ['B']
2024-09-23 02:36:46,885 - INFO - Stategy_Fibo copy.py - 299 - B,51724.86,55000,0,0
2024-09-23 02:36:50,260 - INFO - Stategy_Fibo copy.py - 756 - Checking Bet history ['A']
2024-09-23 02:40:46,121 - INFO - Stategy_Fibo copy.py - 299 - B,52199.86,55000,0,0
2024-09-23 02:40:49,502 - INFO - Stategy_Fibo copy.py - 756 - Checking Bet history ['B']
2024-09-23 02:41:35,005 - INFO - Stategy_Fibo copy.py - 299 - B,51699.86,55000,1,0
2024-09-23 02:41:38,392 - INFO - Stategy_Fibo copy.py - 756 - Checking Bet history ['B', 'A']
2024-09-23 02:44:45,444 - INFO - Stategy_Fibo copy.py - 299 - B,52649.86,55000,0,0
2024-09-23 02:44:48,825 - INFO - Stategy_Fibo copy.py - 756 - Checking Bet history ['B']
2024-09-23 02:49:12,543 - INFO - Stategy_Fibo copy.py - 299 - B,53124.86,55000,0,0
2024-09-23 02:49:15,925 - INFO - Stategy_Fibo copy.py - 756 - Checking Bet history ['B']
2024-09-23 02:50:04,141 - INFO - Stategy_Fibo copy.py - 299 - B,52624.86,55000,1,0
2024-09-23 02:50:07,528 - INFO - Stategy_Fibo copy.py - 756 - Checking Bet history ['B', 'A']
2024-09-23 02:54:23,730 - INFO - Stategy_Fibo copy.py - 299 - B,53574.86,55000,0,0
2024-09-23 02:54:27,107 - INFO - Stategy_Fibo copy.py - 756 - Checking Bet history ['A']
2024-09-23 02:58:28,701 - INFO - Stategy_Fibo copy.py - 299 - B,54049.86,55000,0,0
2024-09-23 02:58:32,081 - INFO - Stategy_Fibo copy.py - 756 - Checking Bet history ['B']
2024-09-23 03:02:35,623 - INFO - Stategy_Fibo copy.py - 299 - B,54524.86,55000,0,0
2024-09-23 03:02:38,999 - INFO - Stategy_Fibo copy.py - 756 - Checking Bet history ['B']
2024-09-23 03:03:27,578 - INFO - Stategy_Fibo copy.py - 299 - B,54024.86,55000,1,0
2024-09-23 03:03:30,955 - INFO - Stategy_Fibo copy.py - 756 - Checking Bet history ['B', 'A']
2024-09-23 03:04:22,085 - INFO - Stategy_Fibo copy.py - 299 - B,53024.86,55000,2,0
2024-09-23 03:04:25,473 - INFO - Stategy_Fibo copy.py - 756 - Checking Bet history ['B', 'A', 'A']
2024-09-23 03:05:08,741 - INFO - Stategy_Fibo copy.py - 285 - A,52024.86,55000,3,0
2024-09-23 03:05:12,133 - INFO - Stategy_Fibo copy.py - 756 - Checking Bet history ['B', 'A', 'A', 'A']
2024-09-23 03:06:25,875 - ERROR - Stategy_Fibo copy.py - 778 - An error occurred in the main function: float() argument must be a string or a real number, not 'NoneType'
Traceback (most recent call last):
  File "d:\Kaushal\Playground\Omnitrix\Omnitrix\Stategy_Fibo copy.py", line 413, in <module>
    startingvaluefinal=float(extract_numbers(current_txt))
                       ^^^^^^^^^^^^^^^^^^^^^^^^^^^^^^^^^^^
TypeError: float() argument must be a string or a real number, not 'NoneType'
