2024-10-04 16:38:19,916 - INFO - Stategy_Fibo copy.py - 410 - Starting value: 2404.54
2024-10-04 16:38:19,916 - INFO - Stategy_Fibo copy.py - 411 - Target amount: 6000
2024-10-04 16:38:19,916 - INFO - Stategy_Fibo copy.py - 412 - Betted On,CurrentValue,TargetAmt,Losscount,Wincount
2024-10-04 16:38:30,155 - INFO - Stategy_Fibo copy.py - 296 - B,2404.54,6000,0,0
2024-10-04 16:38:33,533 - INFO - Stategy_Fibo copy.py - 795 - Checking Bet history []
2024-10-04 16:39:12,388 - INFO - Stategy_Fibo copy.py - 282 - A,2354.54,6000,1,0
2024-10-04 16:39:15,769 - INFO - Stategy_Fibo copy.py - 795 - Checking Bet history ['A']
2024-10-04 16:40:01,306 - INFO - Stategy_Fibo copy.py - 296 - B,2402.04,6000,0,1
2024-10-04 16:40:04,691 - INFO - Stategy_Fibo copy.py - 795 - Checking Bet history ['A', 'A']
2024-10-04 16:40:48,745 - INFO - Stategy_Fibo copy.py - 296 - B,2352.04,6000,1,0
2024-10-04 16:40:52,128 - INFO - Stategy_Fibo copy.py - 795 - Checking Bet history ['A', 'A', 'A']
2024-10-04 16:42:27,826 - INFO - Stategy_Fibo copy.py - 296 - B,2302.04,6000,2,1
2024-10-04 16:42:31,205 - INFO - Stategy_Fibo copy.py - 795 - Checking Bet history []
2024-10-04 16:46:20,883 - INFO - Stategy_Fibo copy.py - 296 - B,2397.04,6000,0,0
2024-10-04 16:46:24,258 - INFO - Stategy_Fibo copy.py - 795 - Checking Bet history []
2024-10-04 16:47:09,077 - INFO - Stategy_Fibo copy.py - 282 - A,2347.04,6000,1,0
2024-10-04 16:47:12,464 - INFO - Stategy_Fibo copy.py - 795 - Checking Bet history ['A']
2024-10-04 16:48:04,141 - INFO - Stategy_Fibo copy.py - 296 - B,297.04,6000,2,0
2024-10-04 16:48:07,535 - INFO - Stategy_Fibo copy.py - 795 - Checking Bet history ['A', 'B']
2024-10-04 16:48:52,516 - INFO - Stategy_Fibo copy.py - 296 - B,197.04,6000,3,0
2024-10-04 16:48:55,907 - INFO - Stategy_Fibo copy.py - 795 - Checking Bet history ['A', 'B', 'A']
2024-10-04 16:50:35,093 - INFO - Stategy_Fibo copy.py - 296 - B,47.04,6000,4,1
2024-10-04 16:50:38,479 - INFO - Stategy_Fibo copy.py - 795 - Checking Bet history []
2024-10-04 16:51:25,003 - INFO - Stategy_Fibo copy.py - 296 - B,47.04,6000,4,1
2024-10-04 16:51:28,400 - INFO - Stategy_Fibo copy.py - 795 - Checking Bet history []
2024-10-04 16:52:15,439 - INFO - Stategy_Fibo copy.py - 795 - Checking Bet history []
2024-10-04 16:53:01,058 - INFO - Stategy_Fibo copy.py - 795 - Checking Bet history ['B']
2024-10-04 16:54:42,761 - INFO - Stategy_Fibo copy.py - 296 - B,6.14,6000,2,3
2024-10-04 16:54:46,153 - INFO - Stategy_Fibo copy.py - 795 - Checking Bet history []
2024-10-04 16:55:26,494 - INFO - Stategy_Fibo copy.py - 296 - B,6.14,6000,2,3
2024-10-04 16:55:29,873 - INFO - Stategy_Fibo copy.py - 795 - Checking Bet history []
2024-10-04 16:55:55,274 - ERROR - Stategy_Fibo copy.py - 818 - An error occurred in the main function: float() argument must be a string or a real number, not 'NoneType'
Traceback (most recent call last):
  File "c:\Users\Umesh Patel\Omnitrix\Stategy_Fibo copy.py", line 417, in <module>
    startingvaluefinal=float(extract_numbers(current_txt))
                       ^^^^^^^^^^^^^^^^^^^^^^^^^^^^^^^^^^^
TypeError: float() argument must be a string or a real number, not 'NoneType'
