2024-10-04 17:57:24,411 - INFO - DragonTiger.py - 401 - Starting value: 11081.14
2024-10-04 17:57:24,411 - INFO - DragonTiger.py - 402 - Target amount: 12000
2024-10-04 17:57:24,411 - INFO - DragonTiger.py - 403 - Betted On,CurrentValue,TargetAmt,Losscount,Wincount
2024-10-04 17:57:43,174 - INFO - DragonTiger.py - 281 - D,11081.14,12000,0,0
2024-10-04 17:57:43,174 - ERROR - DragonTiger.py - 592 - An error occurred during the betting process: list index out of range
Traceback (most recent call last):
  File "c:\Users\Umesh Patel\Omnitrix\DragonTiger.py", line 571, in <module>
    if(Bethistory[len(Bethistory)-1]=='D'):
       ~~~~~~~~~~^^^^^^^^^^^^^^^^^^^
IndexError: list index out of range
2024-10-04 17:57:48,442 - INFO - DragonTiger.py - 281 - D,11081.14,12000,0,0
2024-10-04 17:57:48,442 - ERROR - DragonTiger.py - 592 - An error occurred during the betting process: list index out of range
Traceback (most recent call last):
  File "c:\Users\Umesh Patel\Omnitrix\DragonTiger.py", line 571, in <module>
    if(Bethistory[len(Bethistory)-1]=='D'):
       ~~~~~~~~~~^^^^^^^^^^^^^^^^^^^
IndexError: list index out of range
2024-10-04 17:57:53,906 - INFO - DragonTiger.py - 281 - D,11081.14,12000,0,0
2024-10-04 17:57:53,909 - ERROR - DragonTiger.py - 592 - An error occurred during the betting process: list index out of range
Traceback (most recent call last):
  File "c:\Users\Umesh Patel\Omnitrix\DragonTiger.py", line 571, in <module>
    if(Bethistory[len(Bethistory)-1]=='D'):
       ~~~~~~~~~~^^^^^^^^^^^^^^^^^^^
IndexError: list index out of range
2024-10-04 17:58:12,020 - INFO - DragonTiger.py - 281 - D,11081.14,12000,0,0
2024-10-04 17:58:12,021 - ERROR - DragonTiger.py - 592 - An error occurred during the betting process: list index out of range
Traceback (most recent call last):
  File "c:\Users\Umesh Patel\Omnitrix\DragonTiger.py", line 571, in <module>
    if(Bethistory[len(Bethistory)-1]=='D'):
       ~~~~~~~~~~^^^^^^^^^^^^^^^^^^^
IndexError: list index out of range
2024-10-04 17:58:40,821 - ERROR - DragonTiger.py - 607 - An error occurred in the main function: '>' not supported between instances of 'NoneType' and 'float'
Traceback (most recent call last):
  File "c:\Users\Umesh Patel\Omnitrix\DragonTiger.py", line 436, in <module>
    if(last_value>current_value_final):
       ^^^^^^^^^^^^^^^^^^^^^^^^^^^^^^
TypeError: '>' not supported between instances of 'NoneType' and 'float'
