2024-09-19 00:20:53,097 - INFO - Stategy_Fibo copy.py - 392 - Starting value: 35719.1
2024-09-19 00:20:53,098 - INFO - Stategy_Fibo copy.py - 393 - Target amount: 36200
2024-09-19 00:20:53,098 - INFO - Stategy_Fibo copy.py - 394 - Betted On,CurrentValue,TargetAmt,Losscount,Wincount
2024-09-19 00:21:06,664 - INFO - Stategy_Fibo copy.py - 285 - B,35719.1,36200,0,0
2024-09-19 00:21:10,056 - INFO - Stategy_Fibo copy.py - 755 - Checking Bet history []
2024-09-19 00:22:01,734 - INFO - Stategy_Fibo copy.py - 285 - B,35766.6,36200,0,1
2024-09-19 00:22:05,130 - INFO - Stategy_Fibo copy.py - 755 - Checking Bet history ['B']
2024-09-19 00:22:53,054 - INFO - Stategy_Fibo copy.py - 271 - A,35716.6,36200,1,0
2024-09-19 00:22:56,449 - INFO - Stategy_Fibo copy.py - 755 - Checking Bet history ['B', 'A']
2024-09-19 00:23:50,657 - INFO - Stategy_Fibo copy.py - 271 - A,35616.6,36200,2,0
2024-09-19 00:23:54,048 - INFO - Stategy_Fibo copy.py - 755 - Checking Bet history ['B', 'A', 'B']
2024-09-19 00:25:42,990 - INFO - Stategy_Fibo copy.py - 285 - B,35516.6,36200,3,0
2024-09-19 00:25:46,374 - INFO - Stategy_Fibo copy.py - 755 - Checking Bet history ['A', 'B', 'B', 'A']
2024-09-19 00:26:29,727 - INFO - Stategy_Fibo copy.py - 285 - B,35366.6,36200,4,0
2024-09-19 00:26:33,115 - INFO - Stategy_Fibo copy.py - 755 - Checking Bet history ['B', 'B', 'A', 'A']
2024-09-19 00:27:20,519 - INFO - Stategy_Fibo copy.py - 285 - B,35116.6,36200,5,0
2024-09-19 00:27:23,896 - INFO - Stategy_Fibo copy.py - 755 - Checking Bet history ['B', 'A', 'A', 'A']
2024-09-19 00:28:18,513 - INFO - Stategy_Fibo copy.py - 271 - A,34716.6,36200,6,0
2024-09-19 00:28:21,905 - INFO - Stategy_Fibo copy.py - 755 - Checking Bet history ['A', 'A', 'A', 'A']
2024-09-19 00:30:04,009 - INFO - Stategy_Fibo copy.py - 285 - B,35334.1,36200,4,1
2024-09-19 00:30:07,389 - INFO - Stategy_Fibo copy.py - 755 - Checking Bet history ['A', 'A', 'A', 'B']
2024-09-19 00:31:16,311 - INFO - Stategy_Fibo copy.py - 285 - B,35571.6,36200,2,2
2024-09-19 00:31:19,689 - INFO - Stategy_Fibo copy.py - 755 - Checking Bet history ['A', 'A', 'B', 'B']
2024-09-19 00:32:18,079 - INFO - Stategy_Fibo copy.py - 271 - A,35471.6,36200,3,0
2024-09-19 00:32:21,489 - INFO - Stategy_Fibo copy.py - 755 - Checking Bet history ['A', 'B', 'B', 'A']
2024-09-19 00:33:14,870 - INFO - Stategy_Fibo copy.py - 271 - A,35614.1,36200,1,1
2024-09-19 00:33:18,321 - INFO - Stategy_Fibo copy.py - 755 - Checking Bet history ['B', 'B', 'A', 'A']
2024-09-19 00:35:06,843 - INFO - Stategy_Fibo copy.py - 271 - A,35661.6,36200,1,2
2024-09-19 00:35:10,215 - INFO - Stategy_Fibo copy.py - 755 - Checking Bet history ['A', 'A', 'A', 'A']
2024-09-19 00:35:57,533 - INFO - Stategy_Fibo copy.py - 271 - A,35709.1,36200,1,3
2024-09-19 00:36:00,919 - INFO - Stategy_Fibo copy.py - 755 - Checking Bet history ['A', 'A', 'A', 'A']
2024-09-19 00:36:55,784 - INFO - Stategy_Fibo copy.py - 271 - A,35756.6,36200,1,4
2024-09-19 00:36:59,169 - INFO - Stategy_Fibo copy.py - 755 - Checking Bet history ['A', 'A', 'A', 'A']
2024-09-19 00:37:44,694 - INFO - Stategy_Fibo copy.py - 271 - A,35804.1,36200,1,5
2024-09-19 00:37:48,092 - INFO - Stategy_Fibo copy.py - 755 - Checking Bet history ['A', 'A', 'A', 'A']
2024-09-19 00:39:00,238 - ERROR - Stategy_Fibo copy.py - 777 - An error occurred in the main function: float() argument must be a string or a real number, not 'NoneType'
Traceback (most recent call last):
  File "d:\Kaushal\Playground\Omnitrix\Omnitrix\Stategy_Fibo copy.py", line 400, in <module>
    startingvaluefinal=float(extract_numbers(current_txt))
                       ^^^^^^^^^^^^^^^^^^^^^^^^^^^^^^^^^^^
TypeError: float() argument must be a string or a real number, not 'NoneType'
