2024-09-18 01:30:32,628 - INFO - Stategy_Fibo copy.py - 392 - Starting value: 35465.6
2024-09-18 01:30:32,628 - INFO - Stategy_Fibo copy.py - 393 - Target amount: 37000
2024-09-18 01:30:32,628 - INFO - Stategy_Fibo copy.py - 394 - Betted On,CurrentValue,TargetAmt,Losscount,Wincount
2024-09-18 01:31:04,135 - INFO - Stategy_Fibo copy.py - 285 - B,35465.6,37000,0,0
2024-09-18 01:31:07,565 - INFO - Stategy_Fibo copy.py - 751 - betcount  1
2024-09-18 01:31:54,181 - INFO - Stategy_Fibo copy.py - 285 - B,35415.6,37000,1,0
2024-09-18 01:31:57,635 - INFO - Stategy_Fibo copy.py - 751 - betcount  2
2024-09-18 01:32:38,713 - INFO - Stategy_Fibo copy.py - 285 - B,35315.6,37000,2,0
2024-09-18 01:32:42,153 - INFO - Stategy_Fibo copy.py - 751 - betcount  3
2024-09-18 01:33:28,744 - INFO - Stategy_Fibo copy.py - 285 - B,35410.6,37000,0,1
2024-09-18 01:33:32,180 - INFO - Stategy_Fibo copy.py - 751 - betcount  4
2024-09-18 01:35:01,251 - INFO - Stategy_Fibo copy.py - 285 - B,35458.1,37000,0,2
2024-09-18 01:35:04,700 - INFO - Stategy_Fibo copy.py - 751 - betcount  6
2024-09-18 01:35:44,559 - INFO - Stategy_Fibo copy.py - 271 - A,35458.1,37000,0,3
2024-09-18 01:35:47,987 - INFO - Stategy_Fibo copy.py - 751 - betcount  7
2024-09-18 01:36:31,083 - INFO - Stategy_Fibo copy.py - 271 - A,35455.6,37000,1,0
2024-09-18 01:36:34,507 - INFO - Stategy_Fibo copy.py - 751 - betcount  8
2024-09-18 01:37:13,437 - INFO - Stategy_Fibo copy.py - 271 - A,35355.6,37000,2,0
2024-09-18 01:37:16,892 - INFO - Stategy_Fibo copy.py - 751 - betcount  9
2024-09-18 01:38:52,895 - INFO - Stategy_Fibo copy.py - 285 - B,35255.6,37000,3,0
2024-09-18 01:38:56,392 - INFO - Stategy_Fibo copy.py - 751 - betcount  11
2024-09-18 01:39:32,834 - INFO - Stategy_Fibo copy.py - 271 - A,35255.6,37000,4,0
2024-09-18 01:39:36,269 - INFO - Stategy_Fibo copy.py - 751 - betcount  12
2024-09-18 01:40:16,260 - INFO - Stategy_Fibo copy.py - 285 - B,34855.6,37000,5,0
2024-09-18 01:40:19,723 - INFO - Stategy_Fibo copy.py - 751 - betcount  13
2024-09-18 01:41:01,471 - INFO - Stategy_Fibo copy.py - 285 - B,34455.6,37000,6,0
2024-09-18 01:41:04,877 - INFO - Stategy_Fibo copy.py - 751 - betcount  14
2024-09-18 01:42:38,830 - INFO - Stategy_Fibo copy.py - 271 - A,33805.6,37000,7,0
2024-09-18 01:42:42,218 - INFO - Stategy_Fibo copy.py - 751 - betcount  16
2024-09-18 01:43:07,608 - ERROR - Stategy_Fibo copy.py - 769 - An error occurred in the main function: float() argument must be a string or a real number, not 'NoneType'
Traceback (most recent call last):
  File "d:\Kaushal\Playground\Omnitrix\Omnitrix\Stategy_Fibo copy.py", line 400, in <module>
    startingvaluefinal=float(extract_numbers(current_txt))
                       ^^^^^^^^^^^^^^^^^^^^^^^^^^^^^^^^^^^
TypeError: float() argument must be a string or a real number, not 'NoneType'
