2024-09-17 22:16:03,550 - INFO - Stategy_Fibo copy.py - 392 - Starting value: 13830.6
2024-09-17 22:16:03,550 - INFO - Stategy_Fibo copy.py - 393 - Target amount: 15000
2024-09-17 22:16:03,550 - INFO - Stategy_Fibo copy.py - 394 - Betted On,CurrentValue,TargetAmt,Losscount,Wincount
2024-09-17 22:16:33,022 - INFO - Stategy_Fibo copy.py - 285 - B,13830.6,15000,0,0
2024-09-17 22:16:36,405 - INFO - Stategy_Fibo copy.py - 741 - betcount  1
2024-09-17 22:17:19,993 - INFO - Stategy_Fibo copy.py - 285 - B,13780.6,15000,1,0
2024-09-17 22:17:23,372 - INFO - Stategy_Fibo copy.py - 741 - betcount  2
2024-09-17 22:18:01,443 - INFO - Stategy_Fibo copy.py - 271 - A,13780.6,15000,2,0
2024-09-17 22:18:04,831 - INFO - Stategy_Fibo copy.py - 741 - betcount  3
2024-09-17 22:18:52,548 - INFO - Stategy_Fibo copy.py - 285 - B,13580.6,15000,3,0
2024-09-17 22:18:55,930 - INFO - Stategy_Fibo copy.py - 741 - betcount  4
2024-09-17 22:20:24,094 - INFO - Stategy_Fibo copy.py - 285 - B,13723.1,15000,1,1
2024-09-17 22:20:27,473 - INFO - Stategy_Fibo copy.py - 741 - betcount  6
2024-09-17 22:21:05,606 - INFO - Stategy_Fibo copy.py - 285 - B,13723.1,15000,1,2
2024-09-17 22:21:08,997 - INFO - Stategy_Fibo copy.py - 741 - betcount  7
2024-09-17 22:21:53,036 - INFO - Stategy_Fibo copy.py - 285 - B,13818.1,15000,1,3
2024-09-17 22:21:56,417 - INFO - Stategy_Fibo copy.py - 741 - betcount  8
2024-09-17 22:22:35,077 - INFO - Stategy_Fibo copy.py - 285 - B,13818.1,15000,1,4
2024-09-17 22:22:38,444 - INFO - Stategy_Fibo copy.py - 741 - betcount  9
2024-09-17 22:24:10,810 - INFO - Stategy_Fibo copy.py - 285 - B,13913.1,15000,1,5
2024-09-17 22:24:14,187 - INFO - Stategy_Fibo copy.py - 741 - betcount  11
2024-09-17 22:24:55,121 - INFO - Stategy_Fibo copy.py - 285 - B,13913.1,15000,2,0
2024-09-17 22:24:58,489 - INFO - Stategy_Fibo copy.py - 741 - betcount  12
2024-09-17 22:25:39,824 - INFO - Stategy_Fibo copy.py - 271 - A,13863.1,15000,0,1
2024-09-17 22:25:43,195 - INFO - Stategy_Fibo copy.py - 741 - betcount  13
2024-09-17 22:26:17,500 - INFO - Stategy_Fibo copy.py - 741 - betcount  14
2024-09-17 22:27:54,823 - INFO - Stategy_Fibo copy.py - 285 - B,13908.1,15000,1,0
2024-09-17 22:27:58,194 - INFO - Stategy_Fibo copy.py - 741 - betcount  16
2024-09-17 22:28:40,028 - INFO - Stategy_Fibo copy.py - 285 - B,13908.1,15000,2,0
2024-09-17 22:28:43,399 - INFO - Stategy_Fibo copy.py - 741 - betcount  17
2024-09-17 22:29:21,863 - INFO - Stategy_Fibo copy.py - 271 - A,13808.1,15000,0,1
2024-09-17 22:29:25,238 - INFO - Stategy_Fibo copy.py - 741 - betcount  18
2024-09-17 22:30:02,011 - INFO - Stategy_Fibo copy.py - 741 - betcount  19
2024-09-17 22:31:55,799 - INFO - Stategy_Fibo copy.py - 285 - B,13950.6,15000,0,2
2024-09-17 22:31:59,163 - INFO - Stategy_Fibo copy.py - 741 - betcount  21
2024-09-17 22:32:29,104 - INFO - Stategy_Fibo copy.py - 426 - new target check  length: 4
2024-09-17 22:33:18,333 - INFO - Stategy_Fibo copy.py - 426 - new target check  length: 4
2024-09-17 22:34:10,591 - INFO - Stategy_Fibo copy.py - 426 - new target check  length: 4
2024-09-17 22:35:01,292 - INFO - Stategy_Fibo copy.py - 426 - new target check  length: 4
2024-09-17 22:36:02,728 - INFO - Stategy_Fibo copy.py - 285 - B,13998.1,15000,0,0
2024-09-17 22:36:06,109 - INFO - Stategy_Fibo copy.py - 741 - betcount  26
2024-09-17 22:36:55,837 - INFO - Stategy_Fibo copy.py - 285 - B,14045.6,15000,0,1
2024-09-17 22:36:59,228 - INFO - Stategy_Fibo copy.py - 741 - betcount  27
2024-09-17 22:37:44,626 - INFO - Stategy_Fibo copy.py - 271 - A,14093.1,15000,0,2
2024-09-17 22:37:48,012 - INFO - Stategy_Fibo copy.py - 741 - betcount  28
2024-09-17 22:38:29,695 - INFO - Stategy_Fibo copy.py - 741 - betcount  29
2024-09-17 22:40:19,938 - INFO - Stategy_Fibo copy.py - 285 - B,14043.1,15000,1,0
2024-09-17 22:40:23,313 - INFO - Stategy_Fibo copy.py - 741 - betcount  31
2024-09-17 22:41:04,382 - INFO - Stategy_Fibo copy.py - 285 - B,14138.1,15000,1,1
2024-09-17 22:41:07,769 - INFO - Stategy_Fibo copy.py - 741 - betcount  32
2024-09-17 22:41:59,971 - INFO - Stategy_Fibo copy.py - 271 - A,14088.1,15000,2,0
2024-09-17 22:42:03,338 - INFO - Stategy_Fibo copy.py - 741 - betcount  33
