2024-09-19 01:30:40,737 - INFO - Stategy_Fibo copy.py - 392 - Starting value: 36159.1
2024-09-19 01:30:40,737 - INFO - Stategy_Fibo copy.py - 393 - Target amount:  36600
2024-09-19 01:30:40,737 - INFO - Stategy_Fibo copy.py - 394 - Betted On,CurrentValue,TargetAmt,Losscount,Wincount
2024-09-19 01:30:55,414 - INFO - Stategy_Fibo copy.py - 285 - B,36159.1, 36600,0,0
2024-09-19 01:30:58,803 - INFO - Stategy_Fibo copy.py - 756 - Checking Bet history []
2024-09-19 01:31:36,789 - INFO - Stategy_Fibo copy.py - 285 - B,36159.1, 36600,1,0
2024-09-19 01:31:40,235 - INFO - Stategy_Fibo copy.py - 756 - Checking Bet history ['A']
2024-09-19 01:32:22,830 - INFO - Stategy_Fibo copy.py - 271 - A,36204.1, 36600,1,1
2024-09-19 01:32:26,381 - INFO - Stategy_Fibo copy.py - 756 - Checking Bet history ['A', 'B']
2024-09-19 01:33:07,759 - INFO - Stategy_Fibo copy.py - 271 - A,36251.6, 36600,1,2
2024-09-19 01:33:11,201 - INFO - Stategy_Fibo copy.py - 756 - Checking Bet history ['A', 'B', 'A']
2024-09-19 01:34:44,236 - INFO - Stategy_Fibo copy.py - 285 - B,36201.6, 36600,2,0
2024-09-19 01:34:47,620 - INFO - Stategy_Fibo copy.py - 756 - Checking Bet history ['B', 'A', 'B', 'B']
2024-09-19 01:35:29,000 - INFO - Stategy_Fibo copy.py - 285 - B,36296.6, 36600,0,1
2024-09-19 01:35:32,373 - INFO - Stategy_Fibo copy.py - 756 - Checking Bet history ['A', 'B', 'B', 'B']
2024-09-19 01:36:00,556 - INFO - Stategy_Fibo copy.py - 426 - new target check  length: 4
2024-09-19 01:36:48,273 - INFO - Stategy_Fibo copy.py - 426 - new target check  length: 4
2024-09-19 01:37:34,145 - INFO - Stategy_Fibo copy.py - 426 - new target check  length: 4
2024-09-19 01:38:34,996 - INFO - Stategy_Fibo copy.py - 285 - B,36344.1, 36600,0,0
2024-09-19 01:38:38,390 - INFO - Stategy_Fibo copy.py - 756 - Checking Bet history []
2024-09-19 01:39:22,560 - INFO - Stategy_Fibo copy.py - 285 - B,36391.6, 36600,0,1
2024-09-19 01:39:25,956 - INFO - Stategy_Fibo copy.py - 756 - Checking Bet history ['B']
2024-09-19 01:40:07,456 - INFO - Stategy_Fibo copy.py - 271 - A,36439.1, 36600,0,2
2024-09-19 01:40:10,873 - INFO - Stategy_Fibo copy.py - 756 - Checking Bet history ['B', 'B']
2024-09-19 01:40:41,364 - INFO - Stategy_Fibo copy.py - 426 - new target check  length: 4
2024-09-19 01:41:29,307 - INFO - Stategy_Fibo copy.py - 426 - new target check  length: 4
2024-09-19 01:42:30,926 - INFO - Stategy_Fibo copy.py - 285 - B,36486.6, 36600,0,0
2024-09-19 01:42:34,315 - INFO - Stategy_Fibo copy.py - 756 - Checking Bet history []
2024-09-19 01:43:16,030 - INFO - Stategy_Fibo copy.py - 285 - B,36534.1, 36600,0,1
2024-09-19 01:43:19,421 - INFO - Stategy_Fibo copy.py - 756 - Checking Bet history ['B']
2024-09-19 01:44:01,569 - INFO - Stategy_Fibo copy.py - 271 - A,36581.6, 36600,0,2
2024-09-19 01:44:04,949 - INFO - Stategy_Fibo copy.py - 756 - Checking Bet history ['B', 'B']
2024-09-19 01:44:46,526 - INFO - Stategy_Fibo copy.py - 271 - A,36531.6, 36600,1,0
2024-09-19 01:44:49,918 - INFO - Stategy_Fibo copy.py - 756 - Checking Bet history ['B', 'B', 'B']
2024-09-19 01:45:29,994 - INFO - Stategy_Fibo copy.py - 774 - Condition not met, alarm beeped.
