2024-09-18 07:39:56,792 - INFO - Stategy_Fibo copy.py - 392 - Starting value: 35220.6
2024-09-18 07:39:56,792 - INFO - Stategy_Fibo copy.py - 393 - Target amount: 35800
2024-09-18 07:39:56,792 - INFO - Stategy_Fibo copy.py - 394 - Betted On,CurrentValue,TargetAmt,Losscount,Wincount
2024-09-18 07:40:15,514 - INFO - Stategy_Fibo copy.py - 285 - B,35220.6,35800,0,0
2024-09-18 07:40:18,904 - INFO - Stategy_Fibo copy.py - 751 - betcount  1
2024-09-18 07:41:00,909 - INFO - Stategy_Fibo copy.py - 285 - B,35170.6,35800,1,0
2024-09-18 07:41:04,309 - INFO - Stategy_Fibo copy.py - 751 - betcount  2
2024-09-18 07:41:48,602 - INFO - Stategy_Fibo copy.py - 271 - A,35265.6,35800,1,1
2024-09-18 07:41:52,006 - INFO - Stategy_Fibo copy.py - 751 - betcount  3
2024-09-18 07:42:36,288 - INFO - Stategy_Fibo copy.py - 271 - A,35215.6,35800,2,0
2024-09-18 07:42:39,698 - INFO - Stategy_Fibo copy.py - 751 - betcount  4
2024-09-18 07:44:13,782 - INFO - Stategy_Fibo copy.py - 285 - B,35115.6,35800,3,0
2024-09-18 07:44:17,193 - INFO - Stategy_Fibo copy.py - 751 - betcount  6
2024-09-18 07:44:56,333 - INFO - Stategy_Fibo copy.py - 271 - A,35115.6,35800,4,0
2024-09-18 07:44:59,798 - INFO - Stategy_Fibo copy.py - 751 - betcount  7
2024-09-18 07:45:39,317 - INFO - Stategy_Fibo copy.py - 285 - B,35203.1,35800,2,1
2024-09-18 07:45:42,711 - INFO - Stategy_Fibo copy.py - 751 - betcount  8
2024-09-18 07:46:27,788 - INFO - Stategy_Fibo copy.py - 271 - A,35103.1,35800,3,0
2024-09-18 07:46:31,238 - INFO - Stategy_Fibo copy.py - 751 - betcount  9
2024-09-18 07:48:02,245 - INFO - Stategy_Fibo copy.py - 271 - A,34953.1,35800,4,0
2024-09-18 07:48:05,627 - INFO - Stategy_Fibo copy.py - 751 - betcount  11
2024-09-18 07:48:46,538 - INFO - Stategy_Fibo copy.py - 271 - A,34703.1,35800,5,0
2024-09-18 07:48:49,914 - INFO - Stategy_Fibo copy.py - 751 - betcount  12
2024-09-18 07:49:34,865 - INFO - Stategy_Fibo copy.py - 285 - B,34303.1,35800,6,0
2024-09-18 07:49:38,238 - INFO - Stategy_Fibo copy.py - 751 - betcount  13
2024-09-18 07:50:21,381 - INFO - Stategy_Fibo copy.py - 285 - B,34303.1,35800,7,0
2024-09-18 07:50:24,762 - INFO - Stategy_Fibo copy.py - 751 - betcount  14
2024-09-18 07:52:12,555 - INFO - Stategy_Fibo copy.py - 271 - A,34650.6,35800,5,1
2024-09-18 07:52:15,330 - ERROR - Stategy_Fibo copy.py - 755 - An error occurred during the betting process: PyAutoGUI fail-safe triggered from mouse moving to a corner of the screen. To disable this fail-safe, set pyautogui.FAILSAFE to False. DISABLING FAIL-SAFE IS NOT RECOMMENDED.
Traceback (most recent call last):
  File "d:\Kaushal\Playground\Omnitrix\Omnitrix\Stategy_Fibo copy.py", line 657, in <module>
    last_value_txt = get_text_at_position(textat_x,textat_y,moving_delay)
                     ^^^^^^^^^^^^^^^^^^^^^^^^^^^^^^^^^^^^^^^^^^^^^^^^^^^^
  File "d:\Kaushal\Playground\Omnitrix\Omnitrix\Stategy_Fibo copy.py", line 349, in get_text_at_position
    pyautogui.hotkey('ctrl', 'c')  # Use 'command', 'c' on macOS
    ^^^^^^^^^^^^^^^^^^^^^^^^^^^^^
  File "C:\Users\Umesh Patel\AppData\Local\Programs\Python\Python312\Lib\site-packages\pyautogui\__init__.py", line 593, in wrapper
    failSafeCheck()
  File "C:\Users\Umesh Patel\AppData\Local\Programs\Python\Python312\Lib\site-packages\pyautogui\__init__.py", line 1734, in failSafeCheck
    raise FailSafeException(
pyautogui.FailSafeException: PyAutoGUI fail-safe triggered from mouse moving to a corner of the screen. To disable this fail-safe, set pyautogui.FAILSAFE to False. DISABLING FAIL-SAFE IS NOT RECOMMENDED.
2024-09-18 07:52:15,330 - ERROR - Stategy_Fibo copy.py - 769 - An error occurred in the main function: PyAutoGUI fail-safe triggered from mouse moving to a corner of the screen. To disable this fail-safe, set pyautogui.FAILSAFE to False. DISABLING FAIL-SAFE IS NOT RECOMMENDED.
Traceback (most recent call last):
  File "d:\Kaushal\Playground\Omnitrix\Omnitrix\Stategy_Fibo copy.py", line 399, in <module>
    current_txt = get_text_at_position(textat_x,textat_y,moving_delay)
                  ^^^^^^^^^^^^^^^^^^^^^^^^^^^^^^^^^^^^^^^^^^^^^^^^^^^^
  File "d:\Kaushal\Playground\Omnitrix\Omnitrix\Stategy_Fibo copy.py", line 340, in get_text_at_position
    pyautogui.moveTo(x, y, duration=duration)
  File "C:\Users\Umesh Patel\AppData\Local\Programs\Python\Python312\Lib\site-packages\pyautogui\__init__.py", line 593, in wrapper
    failSafeCheck()
  File "C:\Users\Umesh Patel\AppData\Local\Programs\Python\Python312\Lib\site-packages\pyautogui\__init__.py", line 1734, in failSafeCheck
    raise FailSafeException(
pyautogui.FailSafeException: PyAutoGUI fail-safe triggered from mouse moving to a corner of the screen. To disable this fail-safe, set pyautogui.FAILSAFE to False. DISABLING FAIL-SAFE IS NOT RECOMMENDED.
