2024-09-19 00:48:08,953 - INFO - Stategy_Fibo copy.py - 392 - Starting value: 35851.6
2024-09-19 00:48:08,953 - INFO - Stategy_Fibo copy.py - 393 - Target amount: 36300
2024-09-19 00:48:08,953 - INFO - Stategy_Fibo copy.py - 394 - Betted On,CurrentValue,TargetAmt,Losscount,Wincount
2024-09-19 00:48:38,692 - INFO - Stategy_Fibo copy.py - 285 - B,35851.6,36300,0,0
2024-09-19 00:48:42,073 - INFO - Stategy_Fibo copy.py - 756 - Checking Bet history []
2024-09-19 00:49:33,922 - INFO - Stategy_Fibo copy.py - 285 - B,35801.6,36300,1,0
2024-09-19 00:49:37,311 - INFO - Stategy_Fibo copy.py - 756 - Checking Bet history ['A']
2024-09-19 00:50:21,356 - INFO - Stategy_Fibo copy.py - 285 - B,35701.6,36300,2,0
2024-09-19 00:50:24,782 - INFO - Stategy_Fibo copy.py - 756 - Checking Bet history ['A', 'A']
2024-09-19 00:51:20,125 - INFO - Stategy_Fibo copy.py - 271 - A,35601.6,36300,3,0
2024-09-19 00:51:23,521 - INFO - Stategy_Fibo copy.py - 756 - Checking Bet history ['A', 'A', 'A']
2024-09-19 00:53:02,907 - INFO - Stategy_Fibo copy.py - 285 - B,35451.6,36300,4,0
2024-09-19 00:53:06,293 - INFO - Stategy_Fibo copy.py - 756 - Checking Bet history ['A', 'A', 'B', 'B']
2024-09-19 00:53:47,882 - INFO - Stategy_Fibo copy.py - 285 - B,35201.6,36300,5,0
2024-09-19 00:53:51,263 - INFO - Stategy_Fibo copy.py - 756 - Checking Bet history ['A', 'B', 'B', 'A']
2024-09-19 00:54:35,823 - INFO - Stategy_Fibo copy.py - 271 - A,35581.6,36300,3,1
2024-09-19 00:54:39,220 - INFO - Stategy_Fibo copy.py - 756 - Checking Bet history ['B', 'B', 'A', 'B']
2024-09-19 00:55:25,368 - INFO - Stategy_Fibo copy.py - 271 - A,35724.1,36300,1,2
2024-09-19 00:55:28,760 - INFO - Stategy_Fibo copy.py - 756 - Checking Bet history ['B', 'A', 'B', 'A']
2024-09-19 00:57:18,468 - INFO - Stategy_Fibo copy.py - 271 - A,35771.6,36300,1,3
2024-09-19 00:57:21,864 - INFO - Stategy_Fibo copy.py - 756 - Checking Bet history ['B', 'A', 'A', 'B']
2024-09-19 00:58:01,399 - INFO - Stategy_Fibo copy.py - 271 - A,35819.1,36300,1,4
2024-09-19 00:58:04,785 - INFO - Stategy_Fibo copy.py - 756 - Checking Bet history ['A', 'A', 'B', 'A']
2024-09-19 00:58:57,070 - INFO - Stategy_Fibo copy.py - 271 - A,35769.1,36300,2,0
2024-09-19 00:59:00,452 - INFO - Stategy_Fibo copy.py - 756 - Checking Bet history ['A', 'B', 'A', 'B']
2024-09-19 00:59:45,778 - INFO - Stategy_Fibo copy.py - 271 - A,35864.1,36300,0,1
2024-09-19 00:59:49,161 - INFO - Stategy_Fibo copy.py - 756 - Checking Bet history ['B', 'A', 'B', 'A']
2024-09-19 01:01:28,198 - INFO - Stategy_Fibo copy.py - 285 - B,35814.1,36300,1,0
2024-09-19 01:01:31,583 - INFO - Stategy_Fibo copy.py - 756 - Checking Bet history ['B', 'A', 'B', 'A']
2024-09-19 01:02:17,174 - INFO - Stategy_Fibo copy.py - 285 - B,35714.1,36300,2,0
2024-09-19 01:02:20,573 - INFO - Stategy_Fibo copy.py - 756 - Checking Bet history ['A', 'B', 'A', 'A']
2024-09-19 01:03:05,631 - INFO - Stategy_Fibo copy.py - 285 - B,35614.1,36300,3,0
2024-09-19 01:03:09,027 - INFO - Stategy_Fibo copy.py - 756 - Checking Bet history ['B', 'A', 'A', 'A']
2024-09-19 01:03:59,484 - INFO - Stategy_Fibo copy.py - 285 - B,35756.6,36300,1,1
2024-09-19 01:04:02,913 - INFO - Stategy_Fibo copy.py - 756 - Checking Bet history ['A', 'A', 'A', 'B']
2024-09-19 01:05:39,736 - INFO - Stategy_Fibo copy.py - 285 - B,35706.6,36300,2,0
2024-09-19 01:05:43,123 - INFO - Stategy_Fibo copy.py - 756 - Checking Bet history ['A', 'B', 'A', 'B']
2024-09-19 01:06:19,219 - INFO - Stategy_Fibo copy.py - 285 - B,35706.6,36300,3,0
2024-09-19 01:06:22,611 - INFO - Stategy_Fibo copy.py - 756 - Checking Bet history ['B', 'A', 'B', 'A']
2024-09-19 01:07:10,322 - INFO - Stategy_Fibo copy.py - 271 - A,35749.1,36300,1,1
2024-09-19 01:07:13,716 - INFO - Stategy_Fibo copy.py - 756 - Checking Bet history ['A', 'B', 'A', 'B']
2024-09-19 01:08:01,637 - INFO - Stategy_Fibo copy.py - 271 - A,35699.1,36300,2,0
2024-09-19 01:08:05,024 - INFO - Stategy_Fibo copy.py - 756 - Checking Bet history ['B', 'A', 'B', 'B']
2024-09-19 01:09:45,329 - INFO - Stategy_Fibo copy.py - 285 - B,35599.1,36300,3,0
2024-09-19 01:09:48,779 - INFO - Stategy_Fibo copy.py - 756 - Checking Bet history ['B', 'B', 'B', 'A']
2024-09-19 01:10:28,698 - INFO - Stategy_Fibo copy.py - 285 - B,35741.6,36300,1,1
2024-09-19 01:10:32,123 - INFO - Stategy_Fibo copy.py - 756 - Checking Bet history ['B', 'B', 'A', 'B']
2024-09-19 01:11:30,689 - INFO - Stategy_Fibo copy.py - 271 - A,35789.1,36300,1,2
2024-09-19 01:11:34,067 - INFO - Stategy_Fibo copy.py - 756 - Checking Bet history ['B', 'A', 'B', 'B']
2024-09-19 01:12:21,053 - INFO - Stategy_Fibo copy.py - 271 - A,35739.1,36300,2,0
2024-09-19 01:12:24,465 - INFO - Stategy_Fibo copy.py - 756 - Checking Bet history ['A', 'B', 'B', 'B']
2024-09-19 01:13:26,203 - ERROR - Stategy_Fibo copy.py - 778 - An error occurred in the main function: float() argument must be a string or a real number, not 'NoneType'
Traceback (most recent call last):
  File "d:\Kaushal\Playground\Omnitrix\Omnitrix\Stategy_Fibo copy.py", line 484, in <module>
    current_value_final=float(extract_numbers(current_txt))
                        ^^^^^^^^^^^^^^^^^^^^^^^^^^^^^^^^^^^
TypeError: float() argument must be a string or a real number, not 'NoneType'
